Log file open, 05/29/21 14:04:11
LogInit: Display: Running engine for game: drumMachine
LogPlatformFile: Not using cached read wrapper
LogTaskGraph: Started task graph with 5 named threads and 35 total threads with 3 sets of task threads.
LogStats: Stats thread started at 0.995241
LogD3D11RHI: Loaded GFSDK_Aftermath_Lib.x64.dll
LogICUInternationalization: ICU TimeZone Detection - Raw Offset: -8:00, Platform Override: ''
LogPluginManager: Mounting plugin Paper2D
LogPluginManager: Mounting plugin AISupport
LogPluginManager: Mounting plugin LightPropagationVolume
LogPluginManager: Mounting plugin CameraShakePreviewer
LogPluginManager: Mounting plugin ActorLayerUtilities
LogPluginManager: Mounting plugin AnimationSharing
LogPluginManager: Mounting plugin CLionSourceCodeAccess
LogPluginManager: Mounting plugin CodeLiteSourceCodeAccess
LogPluginManager: Mounting plugin GitSourceControl
LogPluginManager: Mounting plugin KDevelopSourceCodeAccess
LogPluginManager: Mounting plugin NullSourceCodeAccess
LogPluginManager: Mounting plugin PerforceSourceControl
LogPluginManager: Mounting plugin PlasticSourceControl
LogPluginManager: Mounting plugin RiderSourceCodeAccess
LogPluginManager: Mounting plugin SubversionSourceControl
LogPluginManager: Mounting plugin UObjectPlugin
LogPluginManager: Mounting plugin VisualStudioCodeSourceCodeAccess
LogPluginManager: Mounting plugin VisualStudioSourceCodeAccess
LogPluginManager: Mounting plugin XCodeSourceCodeAccess
LogPluginManager: Mounting plugin AssetManagerEditor
LogPluginManager: Mounting plugin CryptoKeys
LogPluginManager: Mounting plugin CurveEditorTools
LogPluginManager: Mounting plugin DataValidation
LogPluginManager: Mounting plugin EditorScriptingUtilities
LogPluginManager: Mounting plugin FacialAnimation
LogPluginManager: Mounting plugin GameplayTagsEditor
LogPluginManager: Mounting plugin GeometryMode
LogPluginManager: Mounting plugin MacGraphicsSwitching
LogPluginManager: Mounting plugin MaterialAnalyzer
LogPluginManager: Mounting plugin MobileLauncherProfileWizard
LogPluginManager: Mounting plugin PluginBrowser
LogPluginManager: Mounting plugin SpeedTreeImporter
LogPluginManager: Mounting plugin DatasmithContent
LogPluginManager: Mounting plugin VariantManagerContent
LogPluginManager: Mounting plugin AlembicImporter
LogPluginManager: Mounting plugin AutomationUtils
LogPluginManager: Mounting plugin BackChannel
LogPluginManager: Mounting plugin ChaosCloth
LogPluginManager: Mounting plugin ChaosClothEditor
LogPluginManager: Mounting plugin ChaosEditor
LogPluginManager: Mounting plugin ChaosNiagara
LogPluginManager: Mounting plugin ChaosSolverPlugin
LogPluginManager: Mounting plugin CharacterAI
LogPluginManager: Mounting plugin GeometryCache
LogPluginManager: Mounting plugin GeometryCollectionPlugin
LogPluginManager: Mounting plugin GeometryProcessing
LogPluginManager: Mounting plugin PlanarCut
LogPluginManager: Mounting plugin PlatformCrypto
LogPluginManager: Mounting plugin ProxyLODPlugin
LogPluginManager: Mounting plugin PythonScriptPlugin
LogPluginManager: Mounting plugin SkeletalReduction
LogPluginManager: Mounting plugin Niagara
LogPluginManager: Mounting plugin MagicLeap
LogPluginManager: Mounting plugin MagicLeapLightEstimation
LogPluginManager: Mounting plugin MagicLeapMedia
LogPluginManager: Mounting plugin MagicLeapPassableWorld
LogPluginManager: Mounting plugin MLSDK
LogPluginManager: Mounting plugin AndroidMedia
LogPluginManager: Mounting plugin AvfMedia
LogPluginManager: Mounting plugin ImgMedia
LogPluginManager: Mounting plugin MediaCompositing
LogPluginManager: Mounting plugin MediaPlayerEditor
LogPluginManager: Mounting plugin WebMMedia
LogPluginManager: Mounting plugin WmfMedia
LogPluginManager: Mounting plugin MegascansPlugin
LogPluginManager: Mounting plugin MeshPainting
LogPluginManager: Mounting plugin TcpMessaging
LogPluginManager: Mounting plugin UdpMessaging
LogPluginManager: Mounting plugin ActorSequence
LogPluginManager: Mounting plugin LevelSequenceEditor
LogPluginManager: Mounting plugin MatineeToLevelSequence
LogPluginManager: Mounting plugin MovieRenderPipeline
LogPluginManager: Mounting plugin TemplateSequence
LogPluginManager: Mounting plugin NetcodeUnitTest
LogPluginManager: Mounting plugin NUTUnrealEngine4
LogPluginManager: Mounting plugin OnlineSubsystemGooglePlay
LogPluginManager: Mounting plugin OnlineSubsystemIOS
LogPluginManager: Mounting plugin OnlineSubsystem
LogPluginManager: Mounting plugin OnlineSubsystemNull
LogPluginManager: Mounting plugin OnlineSubsystemUtils
LogPluginManager: Mounting plugin LauncherChunkInstaller
LogPluginManager: Mounting plugin AndroidDeviceProfileSelector
LogPluginManager: Mounting plugin AndroidMoviePlayer
LogPluginManager: Mounting plugin AndroidPermission
LogPluginManager: Mounting plugin AppleImageUtils
LogPluginManager: Mounting plugin AppleMoviePlayer
LogPluginManager: Mounting plugin ArchVisCharacter
LogPluginManager: Mounting plugin AssetTags
LogPluginManager: Mounting plugin AudioCapture
LogPluginManager: Mounting plugin AudioModulation
LogPluginManager: Mounting plugin AudioSynesthesia
LogPluginManager: Mounting plugin CableComponent
LogPluginManager: Mounting plugin CustomMeshComponent
LogPluginManager: Mounting plugin DatabaseSupport
LogPluginManager: Mounting plugin SQLiteCore
LogPluginManager: Mounting plugin SQLiteSupport
LogPluginManager: Mounting plugin EditableMesh
LogPluginManager: Mounting plugin ExampleDeviceProfileSelector
LogPluginManager: Mounting plugin GoogleCloudMessaging
LogPluginManager: Mounting plugin GooglePAD
LogPluginManager: Mounting plugin IOSDeviceProfileSelector
LogPluginManager: Mounting plugin LinuxDeviceProfileSelector
LogPluginManager: Mounting plugin LocationServicesBPLibrary
LogPluginManager: Mounting plugin MobilePatchingUtils
LogPluginManager: Mounting plugin OculusVR
LogPluginManager: Mounting plugin PhysXVehicles
LogPluginManager: Mounting plugin PostSplashScreen
LogPluginManager: Mounting plugin ProceduralMeshComponent
LogPluginManager: Mounting plugin RuntimePhysXCooking
LogPluginManager: Mounting plugin SignificanceManager
LogPluginManager: Mounting plugin SoundFields
LogPluginManager: Mounting plugin SoundVisualizations
LogPluginManager: Mounting plugin SteamVR
LogPluginManager: Mounting plugin Synthesis
LogPluginManager: Mounting plugin WebMMoviePlayer
LogPluginManager: Mounting plugin WindowsMoviePlayer
LogPluginManager: Mounting plugin ScreenshotTools
LogInit: Using libcurl 7.55.1-DEV
LogInit:  - built for x86_64-pc-win32
LogInit:  - supports SSL with OpenSSL/1.1.1
LogInit:  - supports HTTP deflate (compression) using libz 1.2.8
LogInit:  - other features:
LogInit:      CURL_VERSION_SSL
LogInit:      CURL_VERSION_LIBZ
LogInit:      CURL_VERSION_IPV6
LogInit:      CURL_VERSION_ASYNCHDNS
LogInit:      CURL_VERSION_LARGEFILE
LogInit:      CURL_VERSION_IDN
LogInit:  CurlRequestOptions (configurable via config and command line):
LogInit:  - bVerifyPeer = true  - Libcurl will verify peer certificate
LogInit:  - bUseHttpProxy = false  - Libcurl will NOT use HTTP proxy
LogInit:  - bDontReuseConnections = false  - Libcurl will reuse connections
LogInit:  - MaxHostConnections = 16  - Libcurl will limit the number of connections to a host
LogInit:  - LocalHostAddr = Default
LogInit:  - BufferSize = 65536
LogOnline: OSS: Creating online subsystem instance for: NULL
LogInit: WinSock: version 1.1 (2.2), MaxSocks=32767, MaxUdp=65467
LogOnline: OSS: TryLoadSubsystemAndSetDefault: Loaded subsystem for module [NULL]
LogOculusPluginWrapper: OculusPlugin initialized successfully
LogHMD: Failed initializing OVRPlugin 1.44.0
LogInit: Build: ++UE4+Release-4.25-CL-13594126
LogInit: Engine Version: 4.25.1-13594126+++UE4+Release-4.25
LogInit: Compatible Engine Version: 4.25.0-13144385+++UE4+Release-4.25
LogInit: Net CL: 13144385
LogInit: OS: Windows 10 (Release 2009) (), CPU: Intel(R) Core(TM) i7-9750H CPU @ 2.60GHz, GPU: Intel(R) UHD Graphics 630
LogInit: Compiled (64-bit): Jun  2 2020 02:10:36
LogInit: Compiled with Visual C++: 19.24.28315.00
LogInit: Build Configuration: Development
LogInit: Branch Name: ++UE4+Release-4.25
LogInit: Command Line:  /Game/PuzzleBP/Maps/PuzzleExampleMap -game -PIEVIACONSOLE -Multiprocess "GameUserSettingsINI=C:/Users/nicos/OneDrive/Documents/Unreal Projects/Git_UnrealProjects/drumMachine/Saved/Config/Windows/PIEGameUserSettings0.ini" -MultiprocessSaveConfig -MultiprocessOSS -messaging -SessionName="Play in Standalone Game" -windowed -ResX=1280 -ResY=720
LogInit: Base Directory: C:/Program Files/Epic Games/UE_4.25/Engine/Binaries/Win64/
LogInit: Allocator: TBB
LogInit: Installed Engine Build: 1
LogDevObjectVersion: Number of dev versions registered: 26
LogDevObjectVersion:   Dev-Blueprints (B0D832E4-1F89-4F0D-ACCF-7EB736FD4AA2): 10
LogDevObjectVersion:   Dev-Build (E1C64328-A22C-4D53-A36C-8E866417BD8C): 0
LogDevObjectVersion:   Dev-Core (375EC13C-06E4-48FB-B500-84F0262A717E): 4
LogDevObjectVersion:   Dev-Editor (E4B068ED-F494-42E9-A231-DA0B2E46BB41): 38
LogDevObjectVersion:   Dev-Framework (CFFC743F-43B0-4480-9391-14DF171D2073): 37
LogDevObjectVersion:   Dev-Mobile (B02B49B5-BB20-44E9-A304-32B752E40360): 2
LogDevObjectVersion:   Dev-Networking (A4E4105C-59A1-49B5-A7C5-40C4547EDFEE): 0
LogDevObjectVersion:   Dev-Online (39C831C9-5AE6-47DC-9A44-9C173E1C8E7C): 0
LogDevObjectVersion:   Dev-Physics (78F01B33-EBEA-4F98-B9B4-84EACCB95AA2): 4
LogDevObjectVersion:   Dev-Platform (6631380F-2D4D-43E0-8009-CF276956A95A): 0
LogDevObjectVersion:   Dev-Rendering (12F88B9F-8875-4AFC-A67C-D90C383ABD29): 43
LogDevObjectVersion:   Dev-Sequencer (7B5AE74C-D270-4C10-A958-57980B212A5A): 12
LogDevObjectVersion:   Dev-VR (D7296918-1DD6-4BDD-9DE2-64A83CC13884): 3
LogDevObjectVersion:   Dev-LoadTimes (C2A15278-BFE7-4AFE-6C17-90FF531DF755): 1
LogDevObjectVersion:   Private-Geometry (6EACA3D4-40EC-4CC1-B786-8BED09428FC5): 3
LogDevObjectVersion:   Dev-AnimPhys (29E575DD-E0A3-4627-9D10-D276232CDCEA): 17
LogDevObjectVersion:   Dev-Anim (AF43A65D-7FD3-4947-9873-3E8ED9C1BB05): 7
LogDevObjectVersion:   Dev-ReflectionCapture (6B266CEC-1EC7-4B8F-A30B-E4D90942FC07): 1
LogDevObjectVersion:   Dev-Automation (0DF73D61-A23F-47EA-B727-89E90C41499A): 1
LogDevObjectVersion:   FortniteMain (601D1886-AC64-4F84-AA16-D3DE0DEAC7D6): 31
LogDevObjectVersion:   Dev-Enterprise (9DFFBCD6-494F-0158-E221-12823C92A888): 10
LogDevObjectVersion:   Dev-Niagara (F2AED0AC-9AFE-416F-8664-AA7FFA26D6FC): 1
LogDevObjectVersion:   Dev-Destruction (174F1F0B-B4C6-45A5-B13F-2EE8D0FB917D): 10
LogDevObjectVersion:   Dev-Physics-Ext (35F94A83-E258-406C-A318-09F59610247C): 37
LogDevObjectVersion:   Dev-PhysicsMaterial-Chaos (B68FC16E-8B1B-42E2-B453-215C058844FE): 1
LogDevObjectVersion:   Dev-CineCamera (B2E18506-4273-CFC2-A54E-F4BB758BBA07): 1
LogInit: Presizing for max 25165824 objects, including 0 objects not considered by GC, pre-allocating 0 bytes for permanent pool.
LogConfig: Applying CVar settings from Section [/Script/Engine.StreamingSettings] File [C:/Users/nicos/OneDrive/Documents/Unreal Projects/Git_UnrealProjects/drumMachine/Saved/Config/Windows/Engine.ini]
LogConfig: Setting CVar [[s.MinBulkDataSizeForAsyncLoading:131072]]
LogConfig: Setting CVar [[s.AsyncLoadingThreadEnabled:0]]
LogConfig: Setting CVar [[s.EventDrivenLoaderEnabled:1]]
LogConfig: Setting CVar [[s.WarnIfTimeLimitExceeded:0]]
LogConfig: Setting CVar [[s.TimeLimitExceededMultiplier:1.5]]
LogConfig: Setting CVar [[s.TimeLimitExceededMinTime:0.005]]
LogConfig: Setting CVar [[s.UseBackgroundLevelStreaming:1]]
LogConfig: Setting CVar [[s.PriorityAsyncLoadingExtraTime:15.0]]
LogConfig: Setting CVar [[s.LevelStreamingActorsUpdateTimeLimit:5.0]]
LogConfig: Setting CVar [[s.PriorityLevelStreamingActorsUpdateExtraTime:5.0]]
LogConfig: Setting CVar [[s.LevelStreamingComponentsRegistrationGranularity:10]]
LogConfig: Setting CVar [[s.UnregisterComponentsTimeLimit:1.0]]
LogConfig: Setting CVar [[s.LevelStreamingComponentsUnregistrationGranularity:5]]
LogConfig: Setting CVar [[s.FlushStreamingOnExit:1]]
LogInit: Object subsystem initialized
LogConfig: Setting CVar [[con.DebugEarlyDefault:1]]
LogConfig: Setting CVar [[r.setres:1280x720]]
[2021.05.29-21.04.12:178][  0]LogConfig: Setting CVar [[con.DebugEarlyDefault:1]]
[2021.05.29-21.04.12:178][  0]LogConfig: Setting CVar [[r.setres:1280x720]]
[2021.05.29-21.04.12:178][  0]LogConfig: Applying CVar settings from Section [/Script/Engine.RendererSettings] File [C:/Users/nicos/OneDrive/Documents/Unreal Projects/Git_UnrealProjects/drumMachine/Saved/Config/Windows/Engine.ini]
[2021.05.29-21.04.12:178][  0]LogConfig: Setting CVar [[r.GPUCrashDebugging:0]]
[2021.05.29-21.04.12:178][  0]LogConfig: Applying CVar settings from Section [/Script/Engine.RendererOverrideSettings] File [C:/Users/nicos/OneDrive/Documents/Unreal Projects/Git_UnrealProjects/drumMachine/Saved/Config/Windows/Engine.ini]
[2021.05.29-21.04.12:178][  0]LogConfig: Applying CVar settings from Section [/Script/Engine.StreamingSettings] File [C:/Users/nicos/OneDrive/Documents/Unreal Projects/Git_UnrealProjects/drumMachine/Saved/Config/Windows/Engine.ini]
[2021.05.29-21.04.12:178][  0]LogConfig: Setting CVar [[s.MinBulkDataSizeForAsyncLoading:131072]]
[2021.05.29-21.04.12:178][  0]LogConfig: Setting CVar [[s.AsyncLoadingThreadEnabled:0]]
[2021.05.29-21.04.12:178][  0]LogConfig: Setting CVar [[s.EventDrivenLoaderEnabled:1]]
[2021.05.29-21.04.12:178][  0]LogConfig: Setting CVar [[s.WarnIfTimeLimitExceeded:0]]
[2021.05.29-21.04.12:178][  0]LogConfig: Setting CVar [[s.TimeLimitExceededMultiplier:1.5]]
[2021.05.29-21.04.12:178][  0]LogConfig: Setting CVar [[s.TimeLimitExceededMinTime:0.005]]
[2021.05.29-21.04.12:178][  0]LogConfig: Setting CVar [[s.UseBackgroundLevelStreaming:1]]
[2021.05.29-21.04.12:178][  0]LogConfig: Setting CVar [[s.PriorityAsyncLoadingExtraTime:15.0]]
[2021.05.29-21.04.12:178][  0]LogConfig: Setting CVar [[s.LevelStreamingActorsUpdateTimeLimit:5.0]]
[2021.05.29-21.04.12:178][  0]LogConfig: Setting CVar [[s.PriorityLevelStreamingActorsUpdateExtraTime:5.0]]
[2021.05.29-21.04.12:178][  0]LogConfig: Setting CVar [[s.LevelStreamingComponentsRegistrationGranularity:10]]
[2021.05.29-21.04.12:178][  0]LogConfig: Setting CVar [[s.UnregisterComponentsTimeLimit:1.0]]
[2021.05.29-21.04.12:178][  0]LogConfig: Setting CVar [[s.LevelStreamingComponentsUnregistrationGranularity:5]]
[2021.05.29-21.04.12:178][  0]LogConfig: Setting CVar [[s.FlushStreamingOnExit:1]]
[2021.05.29-21.04.12:178][  0]LogConfig: Applying CVar settings from Section [/Script/Engine.GarbageCollectionSettings] File [C:/Users/nicos/OneDrive/Documents/Unreal Projects/Git_UnrealProjects/drumMachine/Saved/Config/Windows/Engine.ini]
[2021.05.29-21.04.12:178][  0]LogConfig: Setting CVar [[gc.MaxObjectsNotConsideredByGC:1]]
[2021.05.29-21.04.12:178][  0]LogConfig: Setting CVar [[gc.SizeOfPermanentObjectPool:0]]
[2021.05.29-21.04.12:178][  0]LogConfig: Setting CVar [[gc.FlushStreamingOnGC:0]]
[2021.05.29-21.04.12:178][  0]LogConfig: Setting CVar [[gc.NumRetriesBeforeForcingGC:10]]
[2021.05.29-21.04.12:178][  0]LogConfig: Setting CVar [[gc.AllowParallelGC:1]]
[2021.05.29-21.04.12:178][  0]LogConfig: Setting CVar [[gc.TimeBetweenPurgingPendingKillObjects:61.1]]
[2021.05.29-21.04.12:178][  0]LogConfig: Setting CVar [[gc.MaxObjectsInEditor:25165824]]
[2021.05.29-21.04.12:178][  0]LogConfig: Setting CVar [[gc.IncrementalBeginDestroyEnabled:1]]
[2021.05.29-21.04.12:178][  0]LogConfig: Setting CVar [[gc.CreateGCClusters:1]]
[2021.05.29-21.04.12:178][  0]LogConfig: Setting CVar [[gc.MinGCClusterSize:5]]
[2021.05.29-21.04.12:178][  0]LogConfig: Setting CVar [[gc.ActorClusteringEnabled:0]]
[2021.05.29-21.04.12:178][  0]LogConfig: Setting CVar [[gc.BlueprintClusteringEnabled:0]]
[2021.05.29-21.04.12:178][  0]LogConfig: Setting CVar [[gc.UseDisregardForGCOnDedicatedServers:0]]
[2021.05.29-21.04.12:178][  0]LogConfig: Applying CVar settings from Section [/Script/Engine.NetworkSettings] File [C:/Users/nicos/OneDrive/Documents/Unreal Projects/Git_UnrealProjects/drumMachine/Saved/Config/Windows/Engine.ini]
[2021.05.29-21.04.12:178][  0]LogConfig: Applying CVar settings from Section [/Script/UnrealEd.CookerSettings] File [C:/Users/nicos/OneDrive/Documents/Unreal Projects/Git_UnrealProjects/drumMachine/Saved/Config/Windows/Engine.ini]
[2021.05.29-21.04.12:180][  0]LogConfig: Applying CVar settings from Section [ViewDistanceQuality@3] File [C:/Users/nicos/OneDrive/Documents/Unreal Projects/Git_UnrealProjects/drumMachine/Saved/Config/Windows/Scalability.ini]
[2021.05.29-21.04.12:180][  0]LogConfig: Setting CVar [[r.SkeletalMeshLODBias:0]]
[2021.05.29-21.04.12:180][  0]LogConfig: Setting CVar [[r.ViewDistanceScale:1.0]]
[2021.05.29-21.04.12:180][  0]LogConfig: Applying CVar settings from Section [AntiAliasingQuality@3] File [C:/Users/nicos/OneDrive/Documents/Unreal Projects/Git_UnrealProjects/drumMachine/Saved/Config/Windows/Scalability.ini]
[2021.05.29-21.04.12:180][  0]LogConfig: Setting CVar [[r.PostProcessAAQuality:4]]
[2021.05.29-21.04.12:180][  0]LogConfig: Applying CVar settings from Section [ShadowQuality@3] File [C:/Users/nicos/OneDrive/Documents/Unreal Projects/Git_UnrealProjects/drumMachine/Saved/Config/Windows/Scalability.ini]
[2021.05.29-21.04.12:180][  0]LogConfig: Setting CVar [[r.LightFunctionQuality:1]]
[2021.05.29-21.04.12:180][  0]LogConfig: Setting CVar [[r.ShadowQuality:5]]
[2021.05.29-21.04.12:180][  0]LogConfig: Setting CVar [[r.Shadow.CSM.MaxCascades:10]]
[2021.05.29-21.04.12:180][  0]LogConfig: Setting CVar [[r.Shadow.MaxResolution:2048]]
[2021.05.29-21.04.12:180][  0]LogConfig: Setting CVar [[r.Shadow.MaxCSMResolution:2048]]
[2021.05.29-21.04.12:180][  0]LogConfig: Setting CVar [[r.Shadow.RadiusThreshold:0.01]]
[2021.05.29-21.04.12:181][  0]LogConfig: Setting CVar [[r.Shadow.DistanceScale:1.0]]
[2021.05.29-21.04.12:181][  0]LogConfig: Setting CVar [[r.Shadow.CSM.TransitionScale:1.0]]
[2021.05.29-21.04.12:181][  0]LogConfig: Setting CVar [[r.Shadow.PreShadowResolutionFactor:1.0]]
[2021.05.29-21.04.12:181][  0]LogConfig: Setting CVar [[r.DistanceFieldShadowing:1]]
[2021.05.29-21.04.12:181][  0]LogConfig: Setting CVar [[r.DistanceFieldAO:1]]
[2021.05.29-21.04.12:181][  0]LogConfig: Setting CVar [[r.AOQuality:2]]
[2021.05.29-21.04.12:181][  0]LogConfig: Setting CVar [[r.VolumetricFog:1]]
[2021.05.29-21.04.12:181][  0]LogConfig: Setting CVar [[r.VolumetricFog.GridPixelSize:8]]
[2021.05.29-21.04.12:181][  0]LogConfig: Setting CVar [[r.VolumetricFog.GridSizeZ:128]]
[2021.05.29-21.04.12:181][  0]LogConfig: Setting CVar [[r.VolumetricFog.HistoryMissSupersampleCount:4]]
[2021.05.29-21.04.12:181][  0]LogConfig: Setting CVar [[r.LightMaxDrawDistanceScale:1]]
[2021.05.29-21.04.12:181][  0]LogConfig: Setting CVar [[r.CapsuleShadows:1]]
[2021.05.29-21.04.12:181][  0]LogConfig: Applying CVar settings from Section [PostProcessQuality@3] File [C:/Users/nicos/OneDrive/Documents/Unreal Projects/Git_UnrealProjects/drumMachine/Saved/Config/Windows/Scalability.ini]
[2021.05.29-21.04.12:181][  0]LogConfig: Setting CVar [[r.MotionBlurQuality:4]]
[2021.05.29-21.04.12:181][  0]LogConfig: Setting CVar [[r.AmbientOcclusionMipLevelFactor:0.4]]
[2021.05.29-21.04.12:181][  0]LogConfig: Setting CVar [[r.AmbientOcclusionMaxQuality:100]]
[2021.05.29-21.04.12:181][  0]LogConfig: Setting CVar [[r.AmbientOcclusionLevels:-1]]
[2021.05.29-21.04.12:181][  0]LogConfig: Setting CVar [[r.AmbientOcclusionRadiusScale:1.0]]
[2021.05.29-21.04.12:181][  0]LogConfig: Setting CVar [[r.DepthOfFieldQuality:2]]
[2021.05.29-21.04.12:181][  0]LogConfig: Setting CVar [[r.RenderTargetPoolMin:400]]
[2021.05.29-21.04.12:181][  0]LogConfig: Setting CVar [[r.LensFlareQuality:2]]
[2021.05.29-21.04.12:181][  0]LogConfig: Setting CVar [[r.SceneColorFringeQuality:1]]
[2021.05.29-21.04.12:181][  0]LogConfig: Setting CVar [[r.EyeAdaptationQuality:2]]
[2021.05.29-21.04.12:181][  0]LogConfig: Setting CVar [[r.BloomQuality:5]]
[2021.05.29-21.04.12:181][  0]LogConfig: Setting CVar [[r.FastBlurThreshold:100]]
[2021.05.29-21.04.12:181][  0]LogConfig: Setting CVar [[r.Upscale.Quality:3]]
[2021.05.29-21.04.12:181][  0]LogConfig: Setting CVar [[r.Tonemapper.GrainQuantization:1]]
[2021.05.29-21.04.12:181][  0]LogConfig: Setting CVar [[r.LightShaftQuality:1]]
[2021.05.29-21.04.12:181][  0]LogConfig: Setting CVar [[r.Filter.SizeScale:1]]
[2021.05.29-21.04.12:181][  0]LogConfig: Setting CVar [[r.Tonemapper.Quality:5]]
[2021.05.29-21.04.12:181][  0]LogConfig: Setting CVar [[r.DOF.Gather.AccumulatorQuality:1        ; higher gathering accumulator quality]]
[2021.05.29-21.04.12:181][  0]LogConfig: Setting CVar [[r.DOF.Gather.PostfilterMethod:1          ; Median3x3 postfilering method]]
[2021.05.29-21.04.12:181][  0]LogConfig: Setting CVar [[r.DOF.Gather.EnableBokehSettings:0       ; no bokeh simulation when gathering]]
[2021.05.29-21.04.12:181][  0]LogConfig: Setting CVar [[r.DOF.Gather.RingCount:4                 ; medium number of samples when gathering]]
[2021.05.29-21.04.12:181][  0]LogConfig: Setting CVar [[r.DOF.Scatter.ForegroundCompositing:1    ; additive foreground scattering]]
[2021.05.29-21.04.12:181][  0]LogConfig: Setting CVar [[r.DOF.Scatter.BackgroundCompositing:2    ; additive background scattering]]
[2021.05.29-21.04.12:181][  0]LogConfig: Setting CVar [[r.DOF.Scatter.EnableBokehSettings:1      ; bokeh simulation when scattering]]
[2021.05.29-21.04.12:181][  0]LogConfig: Setting CVar [[r.DOF.Scatter.MaxSpriteRatio:0.1         ; only a maximum of 10% of scattered bokeh]]
[2021.05.29-21.04.12:181][  0]LogConfig: Setting CVar [[r.DOF.Recombine.Quality:1                ; cheap slight out of focus]]
[2021.05.29-21.04.12:181][  0]LogConfig: Setting CVar [[r.DOF.Recombine.EnableBokehSettings:0    ; no bokeh simulation on slight out of focus]]
[2021.05.29-21.04.12:181][  0]LogConfig: Setting CVar [[r.DOF.TemporalAAQuality:1                ; more stable temporal accumulation]]
[2021.05.29-21.04.12:181][  0]LogConfig: Setting CVar [[r.DOF.Kernel.MaxForegroundRadius:0.025]]
[2021.05.29-21.04.12:181][  0]LogConfig: Setting CVar [[r.DOF.Kernel.MaxBackgroundRadius:0.025]]
[2021.05.29-21.04.12:181][  0]LogConfig: Applying CVar settings from Section [TextureQuality@3] File [C:/Users/nicos/OneDrive/Documents/Unreal Projects/Git_UnrealProjects/drumMachine/Saved/Config/Windows/Scalability.ini]
[2021.05.29-21.04.12:181][  0]LogConfig: Setting CVar [[r.Streaming.MipBias:0]]
[2021.05.29-21.04.12:181][  0]LogConfig: Setting CVar [[r.Streaming.AmortizeCPUToGPUCopy:0]]
[2021.05.29-21.04.12:181][  0]LogConfig: Setting CVar [[r.Streaming.MaxNumTexturesToStreamPerFrame:0]]
[2021.05.29-21.04.12:181][  0]LogConfig: Setting CVar [[r.Streaming.Boost:1]]
[2021.05.29-21.04.12:181][  0]LogConfig: Setting CVar [[r.MaxAnisotropy:8]]
[2021.05.29-21.04.12:181][  0]LogConfig: Setting CVar [[r.VT.MaxAnisotropy:8]]
[2021.05.29-21.04.12:181][  0]LogConfig: Setting CVar [[r.Streaming.LimitPoolSizeToVRAM:0]]
[2021.05.29-21.04.12:181][  0]LogConfig: Setting CVar [[r.Streaming.PoolSize:1000]]
[2021.05.29-21.04.12:181][  0]LogConfig: Setting CVar [[r.Streaming.MaxEffectiveScreenSize:0]]
[2021.05.29-21.04.12:181][  0]LogConfig: Applying CVar settings from Section [EffectsQuality@3] File [C:/Users/nicos/OneDrive/Documents/Unreal Projects/Git_UnrealProjects/drumMachine/Saved/Config/Windows/Scalability.ini]
[2021.05.29-21.04.12:181][  0]LogConfig: Setting CVar [[r.TranslucencyLightingVolumeDim:64]]
[2021.05.29-21.04.12:181][  0]LogConfig: Setting CVar [[r.RefractionQuality:2]]
[2021.05.29-21.04.12:181][  0]LogConfig: Setting CVar [[r.SSR.Quality:3]]
[2021.05.29-21.04.12:181][  0]LogConfig: Setting CVar [[r.SSR.HalfResSceneColor:0]]
[2021.05.29-21.04.12:181][  0]LogConfig: Setting CVar [[r.SceneColorFormat:4]]
[2021.05.29-21.04.12:181][  0]LogConfig: Setting CVar [[r.DetailMode:2]]
[2021.05.29-21.04.12:182][  0]LogConfig: Setting CVar [[r.TranslucencyVolumeBlur:1]]
[2021.05.29-21.04.12:182][  0]LogConfig: Setting CVar [[r.MaterialQualityLevel:1 ; High quality]]
[2021.05.29-21.04.12:182][  0]LogConfig: Setting CVar [[r.SSS.Scale:1]]
[2021.05.29-21.04.12:182][  0]LogConfig: Setting CVar [[r.SSS.SampleSet:2]]
[2021.05.29-21.04.12:182][  0]LogConfig: Setting CVar [[r.SSS.Quality:1]]
[2021.05.29-21.04.12:182][  0]LogConfig: Setting CVar [[r.SSS.HalfRes:0]]
[2021.05.29-21.04.12:182][  0]LogConfig: Setting CVar [[r.SSGI.Quality:3]]
[2021.05.29-21.04.12:182][  0]LogConfig: Setting CVar [[r.EmitterSpawnRateScale:1.0]]
[2021.05.29-21.04.12:182][  0]LogConfig: Setting CVar [[r.ParticleLightQuality:2]]
[2021.05.29-21.04.12:182][  0]LogConfig: Setting CVar [[r.SkyAtmosphere.AerialPerspectiveLUT.FastApplyOnOpaque:1 ; Always have FastSkyLUT 1 in this case to avoid wrong sky]]
[2021.05.29-21.04.12:182][  0]LogConfig: Setting CVar [[r.SkyAtmosphere.AerialPerspectiveLUT.SampleCountPerSlice:1]]
[2021.05.29-21.04.12:182][  0]LogConfig: Setting CVar [[r.SkyAtmosphere.AerialPerspectiveLUT.DepthResolution:16.0]]
[2021.05.29-21.04.12:182][  0]LogConfig: Setting CVar [[r.SkyAtmosphere.FastSkyLUT:1]]
[2021.05.29-21.04.12:182][  0]LogConfig: Setting CVar [[r.SkyAtmosphere.FastSkyLUT.SampleCountMin:4.0]]
[2021.05.29-21.04.12:182][  0]LogConfig: Setting CVar [[r.SkyAtmosphere.FastSkyLUT.SampleCountMax:32.0]]
[2021.05.29-21.04.12:182][  0]LogConfig: Setting CVar [[r.SkyAtmosphere.SampleCountMin:4.0]]
[2021.05.29-21.04.12:182][  0]LogConfig: Setting CVar [[r.SkyAtmosphere.SampleCountMax:32.0]]
[2021.05.29-21.04.12:182][  0]LogConfig: Setting CVar [[r.SkyAtmosphere.TransmittanceLUT.UseSmallFormat:0]]
[2021.05.29-21.04.12:182][  0]LogConfig: Setting CVar [[r.SkyAtmosphere.TransmittanceLUT.SampleCount:10.0]]
[2021.05.29-21.04.12:182][  0]LogConfig: Setting CVar [[r.SkyAtmosphere.MultiScatteringLUT.SampleCount:15.0]]
[2021.05.29-21.04.12:182][  0]LogConfig: Applying CVar settings from Section [FoliageQuality@3] File [C:/Users/nicos/OneDrive/Documents/Unreal Projects/Git_UnrealProjects/drumMachine/Saved/Config/Windows/Scalability.ini]
[2021.05.29-21.04.12:182][  0]LogConfig: Setting CVar [[foliage.DensityScale:1.0]]
[2021.05.29-21.04.12:182][  0]LogConfig: Setting CVar [[grass.DensityScale:1.0]]
[2021.05.29-21.04.12:182][  0]LogConfig: Applying CVar settings from Section [ShadingQuality@3] File [C:/Users/nicos/OneDrive/Documents/Unreal Projects/Git_UnrealProjects/drumMachine/Saved/Config/Windows/Scalability.ini]
[2021.05.29-21.04.12:182][  0]LogConfig: Setting CVar [[r.HairStrands.SkyLighting.SampleCount:16]]
[2021.05.29-21.04.12:182][  0]LogConfig: Setting CVar [[r.HairStrands.SkyLighting.JitterIntegration:0]]
[2021.05.29-21.04.12:182][  0]LogConfig: Setting CVar [[r.HairStrands.SkyAO.SampleCount:16]]
[2021.05.29-21.04.12:182][  0]LogConfig: Setting CVar [[r.HairStrands.DeepShadow.SuperSampling:0]]
[2021.05.29-21.04.12:182][  0]LogConfig: Setting CVar [[r.HairStrands.VisibilityPPLL:0]]
[2021.05.29-21.04.12:182][  0]LogConfig: Setting CVar [[r.HairStrands.RasterizationScale:0.5]]
[2021.05.29-21.04.12:182][  0]LogConfig: Setting CVar [[r.HairStrands.VelocityRasterizationScale:1]]
[2021.05.29-21.04.12:182][  0]LogInit: Selected Device Profile: [Windows]
[2021.05.29-21.04.12:182][  0]LogInit: Applying CVar settings loaded from the selected device profile: [Windows]
[2021.05.29-21.04.12:182][  0]LogHAL: Display: Platform has ~ 16 GB [17072988160 / 17179869184 / 16], which maps to Larger [LargestMinGB=32, LargerMinGB=12, DefaultMinGB=8, SmallerMinGB=6, SmallestMinGB=0)
[2021.05.29-21.04.12:182][  0]LogInit: Going up to parent DeviceProfile []
[2021.05.29-21.04.12:182][  0]LogConfig: Applying CVar settings from Section [ViewDistanceQuality@3] File [C:/Users/nicos/OneDrive/Documents/Unreal Projects/Git_UnrealProjects/drumMachine/Saved/Config/Windows/Scalability.ini]
[2021.05.29-21.04.12:182][  0]LogConfig: Setting CVar [[r.SkeletalMeshLODBias:0]]
[2021.05.29-21.04.12:182][  0]LogConfig: Setting CVar [[r.ViewDistanceScale:1.0]]
[2021.05.29-21.04.12:182][  0]LogConfig: Applying CVar settings from Section [AntiAliasingQuality@3] File [C:/Users/nicos/OneDrive/Documents/Unreal Projects/Git_UnrealProjects/drumMachine/Saved/Config/Windows/Scalability.ini]
[2021.05.29-21.04.12:182][  0]LogConfig: Setting CVar [[r.PostProcessAAQuality:4]]
[2021.05.29-21.04.12:182][  0]LogConfig: Applying CVar settings from Section [ShadowQuality@3] File [C:/Users/nicos/OneDrive/Documents/Unreal Projects/Git_UnrealProjects/drumMachine/Saved/Config/Windows/Scalability.ini]
[2021.05.29-21.04.12:182][  0]LogConfig: Setting CVar [[r.LightFunctionQuality:1]]
[2021.05.29-21.04.12:182][  0]LogConfig: Setting CVar [[r.ShadowQuality:5]]
[2021.05.29-21.04.12:182][  0]LogConfig: Setting CVar [[r.Shadow.CSM.MaxCascades:10]]
[2021.05.29-21.04.12:182][  0]LogConfig: Setting CVar [[r.Shadow.MaxResolution:2048]]
[2021.05.29-21.04.12:182][  0]LogConfig: Setting CVar [[r.Shadow.MaxCSMResolution:2048]]
[2021.05.29-21.04.12:182][  0]LogConfig: Setting CVar [[r.Shadow.RadiusThreshold:0.01]]
[2021.05.29-21.04.12:182][  0]LogConfig: Setting CVar [[r.Shadow.DistanceScale:1.0]]
[2021.05.29-21.04.12:182][  0]LogConfig: Setting CVar [[r.Shadow.CSM.TransitionScale:1.0]]
[2021.05.29-21.04.12:182][  0]LogConfig: Setting CVar [[r.Shadow.PreShadowResolutionFactor:1.0]]
[2021.05.29-21.04.12:182][  0]LogConfig: Setting CVar [[r.DistanceFieldShadowing:1]]
[2021.05.29-21.04.12:182][  0]LogConfig: Setting CVar [[r.DistanceFieldAO:1]]
[2021.05.29-21.04.12:182][  0]LogConfig: Setting CVar [[r.AOQuality:2]]
[2021.05.29-21.04.12:182][  0]LogConfig: Setting CVar [[r.VolumetricFog:1]]
[2021.05.29-21.04.12:182][  0]LogConfig: Setting CVar [[r.VolumetricFog.GridPixelSize:8]]
[2021.05.29-21.04.12:182][  0]LogConfig: Setting CVar [[r.VolumetricFog.GridSizeZ:128]]
[2021.05.29-21.04.12:182][  0]LogConfig: Setting CVar [[r.VolumetricFog.HistoryMissSupersampleCount:4]]
[2021.05.29-21.04.12:182][  0]LogConfig: Setting CVar [[r.LightMaxDrawDistanceScale:1]]
[2021.05.29-21.04.12:182][  0]LogConfig: Setting CVar [[r.CapsuleShadows:1]]
[2021.05.29-21.04.12:182][  0]LogConfig: Applying CVar settings from Section [PostProcessQuality@3] File [C:/Users/nicos/OneDrive/Documents/Unreal Projects/Git_UnrealProjects/drumMachine/Saved/Config/Windows/Scalability.ini]
[2021.05.29-21.04.12:182][  0]LogConfig: Setting CVar [[r.MotionBlurQuality:4]]
[2021.05.29-21.04.12:182][  0]LogConfig: Setting CVar [[r.AmbientOcclusionMipLevelFactor:0.4]]
[2021.05.29-21.04.12:182][  0]LogConfig: Setting CVar [[r.AmbientOcclusionMaxQuality:100]]
[2021.05.29-21.04.12:182][  0]LogConfig: Setting CVar [[r.AmbientOcclusionLevels:-1]]
[2021.05.29-21.04.12:182][  0]LogConfig: Setting CVar [[r.AmbientOcclusionRadiusScale:1.0]]
[2021.05.29-21.04.12:182][  0]LogConfig: Setting CVar [[r.DepthOfFieldQuality:2]]
[2021.05.29-21.04.12:182][  0]LogConfig: Setting CVar [[r.RenderTargetPoolMin:400]]
[2021.05.29-21.04.12:182][  0]LogConfig: Setting CVar [[r.LensFlareQuality:2]]
[2021.05.29-21.04.12:182][  0]LogConfig: Setting CVar [[r.SceneColorFringeQuality:1]]
[2021.05.29-21.04.12:182][  0]LogConfig: Setting CVar [[r.EyeAdaptationQuality:2]]
[2021.05.29-21.04.12:182][  0]LogConfig: Setting CVar [[r.BloomQuality:5]]
[2021.05.29-21.04.12:183][  0]LogConfig: Setting CVar [[r.FastBlurThreshold:100]]
[2021.05.29-21.04.12:183][  0]LogConfig: Setting CVar [[r.Upscale.Quality:3]]
[2021.05.29-21.04.12:183][  0]LogConfig: Setting CVar [[r.Tonemapper.GrainQuantization:1]]
[2021.05.29-21.04.12:183][  0]LogConfig: Setting CVar [[r.LightShaftQuality:1]]
[2021.05.29-21.04.12:183][  0]LogConfig: Setting CVar [[r.Filter.SizeScale:1]]
[2021.05.29-21.04.12:183][  0]LogConfig: Setting CVar [[r.Tonemapper.Quality:5]]
[2021.05.29-21.04.12:183][  0]LogConfig: Setting CVar [[r.DOF.Gather.AccumulatorQuality:1        ; higher gathering accumulator quality]]
[2021.05.29-21.04.12:183][  0]LogConfig: Setting CVar [[r.DOF.Gather.PostfilterMethod:1          ; Median3x3 postfilering method]]
[2021.05.29-21.04.12:183][  0]LogConfig: Setting CVar [[r.DOF.Gather.EnableBokehSettings:0       ; no bokeh simulation when gathering]]
[2021.05.29-21.04.12:183][  0]LogConfig: Setting CVar [[r.DOF.Gather.RingCount:4                 ; medium number of samples when gathering]]
[2021.05.29-21.04.12:183][  0]LogConfig: Setting CVar [[r.DOF.Scatter.ForegroundCompositing:1    ; additive foreground scattering]]
[2021.05.29-21.04.12:183][  0]LogConfig: Setting CVar [[r.DOF.Scatter.BackgroundCompositing:2    ; additive background scattering]]
[2021.05.29-21.04.12:183][  0]LogConfig: Setting CVar [[r.DOF.Scatter.EnableBokehSettings:1      ; bokeh simulation when scattering]]
[2021.05.29-21.04.12:183][  0]LogConfig: Setting CVar [[r.DOF.Scatter.MaxSpriteRatio:0.1         ; only a maximum of 10% of scattered bokeh]]
[2021.05.29-21.04.12:183][  0]LogConfig: Setting CVar [[r.DOF.Recombine.Quality:1                ; cheap slight out of focus]]
[2021.05.29-21.04.12:183][  0]LogConfig: Setting CVar [[r.DOF.Recombine.EnableBokehSettings:0    ; no bokeh simulation on slight out of focus]]
[2021.05.29-21.04.12:183][  0]LogConfig: Setting CVar [[r.DOF.TemporalAAQuality:1                ; more stable temporal accumulation]]
[2021.05.29-21.04.12:183][  0]LogConfig: Setting CVar [[r.DOF.Kernel.MaxForegroundRadius:0.025]]
[2021.05.29-21.04.12:183][  0]LogConfig: Setting CVar [[r.DOF.Kernel.MaxBackgroundRadius:0.025]]
[2021.05.29-21.04.12:183][  0]LogConfig: Applying CVar settings from Section [TextureQuality@3] File [C:/Users/nicos/OneDrive/Documents/Unreal Projects/Git_UnrealProjects/drumMachine/Saved/Config/Windows/Scalability.ini]
[2021.05.29-21.04.12:183][  0]LogConfig: Setting CVar [[r.Streaming.MipBias:0]]
[2021.05.29-21.04.12:183][  0]LogConfig: Setting CVar [[r.Streaming.AmortizeCPUToGPUCopy:0]]
[2021.05.29-21.04.12:183][  0]LogConfig: Setting CVar [[r.Streaming.MaxNumTexturesToStreamPerFrame:0]]
[2021.05.29-21.04.12:183][  0]LogConfig: Setting CVar [[r.Streaming.Boost:1]]
[2021.05.29-21.04.12:183][  0]LogConfig: Setting CVar [[r.MaxAnisotropy:8]]
[2021.05.29-21.04.12:183][  0]LogConfig: Setting CVar [[r.VT.MaxAnisotropy:8]]
[2021.05.29-21.04.12:183][  0]LogConfig: Setting CVar [[r.Streaming.LimitPoolSizeToVRAM:0]]
[2021.05.29-21.04.12:183][  0]LogConfig: Setting CVar [[r.Streaming.PoolSize:1000]]
[2021.05.29-21.04.12:183][  0]LogConfig: Setting CVar [[r.Streaming.MaxEffectiveScreenSize:0]]
[2021.05.29-21.04.12:183][  0]LogConfig: Applying CVar settings from Section [EffectsQuality@3] File [C:/Users/nicos/OneDrive/Documents/Unreal Projects/Git_UnrealProjects/drumMachine/Saved/Config/Windows/Scalability.ini]
[2021.05.29-21.04.12:183][  0]LogConfig: Setting CVar [[r.TranslucencyLightingVolumeDim:64]]
[2021.05.29-21.04.12:183][  0]LogConfig: Setting CVar [[r.RefractionQuality:2]]
[2021.05.29-21.04.12:183][  0]LogConfig: Setting CVar [[r.SSR.Quality:3]]
[2021.05.29-21.04.12:183][  0]LogConfig: Setting CVar [[r.SSR.HalfResSceneColor:0]]
[2021.05.29-21.04.12:183][  0]LogConfig: Setting CVar [[r.SceneColorFormat:4]]
[2021.05.29-21.04.12:183][  0]LogConfig: Setting CVar [[r.DetailMode:2]]
[2021.05.29-21.04.12:183][  0]LogConfig: Setting CVar [[r.TranslucencyVolumeBlur:1]]
[2021.05.29-21.04.12:183][  0]LogConfig: Setting CVar [[r.MaterialQualityLevel:1 ; High quality]]
[2021.05.29-21.04.12:183][  0]LogConfig: Setting CVar [[r.SSS.Scale:1]]
[2021.05.29-21.04.12:183][  0]LogConfig: Setting CVar [[r.SSS.SampleSet:2]]
[2021.05.29-21.04.12:183][  0]LogConfig: Setting CVar [[r.SSS.Quality:1]]
[2021.05.29-21.04.12:183][  0]LogConfig: Setting CVar [[r.SSS.HalfRes:0]]
[2021.05.29-21.04.12:183][  0]LogConfig: Setting CVar [[r.SSGI.Quality:3]]
[2021.05.29-21.04.12:183][  0]LogConfig: Setting CVar [[r.EmitterSpawnRateScale:1.0]]
[2021.05.29-21.04.12:183][  0]LogConfig: Setting CVar [[r.ParticleLightQuality:2]]
[2021.05.29-21.04.12:183][  0]LogConfig: Setting CVar [[r.SkyAtmosphere.AerialPerspectiveLUT.FastApplyOnOpaque:1 ; Always have FastSkyLUT 1 in this case to avoid wrong sky]]
[2021.05.29-21.04.12:183][  0]LogConfig: Setting CVar [[r.SkyAtmosphere.AerialPerspectiveLUT.SampleCountPerSlice:1]]
[2021.05.29-21.04.12:183][  0]LogConfig: Setting CVar [[r.SkyAtmosphere.AerialPerspectiveLUT.DepthResolution:16.0]]
[2021.05.29-21.04.12:183][  0]LogConfig: Setting CVar [[r.SkyAtmosphere.FastSkyLUT:1]]
[2021.05.29-21.04.12:183][  0]LogConfig: Setting CVar [[r.SkyAtmosphere.FastSkyLUT.SampleCountMin:4.0]]
[2021.05.29-21.04.12:183][  0]LogConfig: Setting CVar [[r.SkyAtmosphere.FastSkyLUT.SampleCountMax:32.0]]
[2021.05.29-21.04.12:183][  0]LogConfig: Setting CVar [[r.SkyAtmosphere.SampleCountMin:4.0]]
[2021.05.29-21.04.12:183][  0]LogConfig: Setting CVar [[r.SkyAtmosphere.SampleCountMax:32.0]]
[2021.05.29-21.04.12:183][  0]LogConfig: Setting CVar [[r.SkyAtmosphere.TransmittanceLUT.UseSmallFormat:0]]
[2021.05.29-21.04.12:183][  0]LogConfig: Setting CVar [[r.SkyAtmosphere.TransmittanceLUT.SampleCount:10.0]]
[2021.05.29-21.04.12:183][  0]LogConfig: Setting CVar [[r.SkyAtmosphere.MultiScatteringLUT.SampleCount:15.0]]
[2021.05.29-21.04.12:183][  0]LogConfig: Applying CVar settings from Section [FoliageQuality@3] File [C:/Users/nicos/OneDrive/Documents/Unreal Projects/Git_UnrealProjects/drumMachine/Saved/Config/Windows/Scalability.ini]
[2021.05.29-21.04.12:183][  0]LogConfig: Setting CVar [[foliage.DensityScale:1.0]]
[2021.05.29-21.04.12:183][  0]LogConfig: Setting CVar [[grass.DensityScale:1.0]]
[2021.05.29-21.04.12:183][  0]LogConfig: Applying CVar settings from Section [ShadingQuality@3] File [C:/Users/nicos/OneDrive/Documents/Unreal Projects/Git_UnrealProjects/drumMachine/Saved/Config/Windows/Scalability.ini]
[2021.05.29-21.04.12:183][  0]LogConfig: Setting CVar [[r.HairStrands.SkyLighting.SampleCount:16]]
[2021.05.29-21.04.12:183][  0]LogConfig: Setting CVar [[r.HairStrands.SkyLighting.JitterIntegration:0]]
[2021.05.29-21.04.12:183][  0]LogConfig: Setting CVar [[r.HairStrands.SkyAO.SampleCount:16]]
[2021.05.29-21.04.12:183][  0]LogConfig: Setting CVar [[r.HairStrands.DeepShadow.SuperSampling:0]]
[2021.05.29-21.04.12:183][  0]LogConfig: Setting CVar [[r.HairStrands.VisibilityPPLL:0]]
[2021.05.29-21.04.12:183][  0]LogConfig: Setting CVar [[r.HairStrands.RasterizationScale:0.5]]
[2021.05.29-21.04.12:183][  0]LogConfig: Setting CVar [[r.HairStrands.VelocityRasterizationScale:1]]
[2021.05.29-21.04.12:183][  0]LogConfig: Applying CVar settings from Section [Startup] File [../../../Engine/Config/ConsoleVariables.ini]
[2021.05.29-21.04.12:184][  0]LogConfig: Setting CVar [[net.UseAdaptiveNetUpdateFrequency:0]]
[2021.05.29-21.04.12:184][  0]LogConfig: Setting CVar [[p.chaos.AllowCreatePhysxBodies:1]]
[2021.05.29-21.04.12:184][  0]LogConfig: Setting CVar [[fx.SkipVectorVMBackendOptimizations:1]]
[2021.05.29-21.04.12:184][  0]LogConfig: Applying CVar settings from Section [ConsoleVariables] File [C:/Users/nicos/OneDrive/Documents/Unreal Projects/Git_UnrealProjects/drumMachine/Saved/Config/Windows/Engine.ini]
[2021.05.29-21.04.12:185][  0]LogInit: Computer: DESKTOP-C6TJC9R
[2021.05.29-21.04.12:185][  0]LogInit: User: nicos
[2021.05.29-21.04.12:185][  0]LogInit: CPU Page size=4096, Cores=6
[2021.05.29-21.04.12:185][  0]LogInit: High frequency timer resolution =10.000000 MHz
[2021.05.29-21.04.12:185][  0]LogMemory: Memory total: Physical=15.9GB (16GB approx)
[2021.05.29-21.04.12:185][  0]LogMemory: Platform Memory Stats for Windows
[2021.05.29-21.04.12:185][  0]LogMemory: Process Physical Memory: 119.51 MB used, 119.52 MB peak
[2021.05.29-21.04.12:185][  0]LogMemory: Process Virtual Memory: 103.75 MB used, 103.75 MB peak
[2021.05.29-21.04.12:185][  0]LogMemory: Physical Memory: 8225.17 MB used,  8056.90 MB free, 16282.07 MB total
[2021.05.29-21.04.12:185][  0]LogMemory: Virtual Memory: 5215.83 MB used,  134212512.00 MB free, 134217728.00 MB total
[2021.05.29-21.04.12:188][  0]LogWindows: WindowsPlatformFeatures enabled
[2021.05.29-21.04.12:237][  0]LogInit: Physics initialised using underlying interface: PhysX
[2021.05.29-21.04.12:237][  0]LogInit: Using OS detected language (en-US).
[2021.05.29-21.04.12:237][  0]LogInit: Using OS detected locale (en-US).
[2021.05.29-21.04.12:239][  0]LogTextLocalizationManager: No specific localization for 'en-US' exists, so the 'en' localization will be used.
[2021.05.29-21.04.12:451][  0]LogSlate: New Slate User Created.  User Index 0, Is Virtual User: 0
[2021.05.29-21.04.12:451][  0]LogSlate: Slate User Registered.  User Index 0, Is Virtual User: 0
[2021.05.29-21.04.12:520][  0]LogHMD: Failed to initialize OpenVR with code 126
[2021.05.29-21.04.12:520][  0]LogD3D11RHI: D3D11 min allowed feature level: 11_0
[2021.05.29-21.04.12:520][  0]LogD3D11RHI: D3D11 max allowed feature level: 11_0
[2021.05.29-21.04.12:520][  0]LogD3D11RHI: D3D11 adapters:
[2021.05.29-21.04.12:643][  0]LogD3D11RHI:    0. 'NVIDIA GeForce RTX 2060' (Feature Level 11_0)
[2021.05.29-21.04.12:643][  0]LogD3D11RHI:       5980/0/8141 MB DedicatedVideo/DedicatedSystem/SharedSystem, Outputs:1, VendorId:0x10de
[2021.05.29-21.04.12:660][  0]LogD3D11RHI:    1. 'Intel(R) UHD Graphics 630' (Feature Level 11_0)
[2021.05.29-21.04.12:660][  0]LogD3D11RHI:       128/0/8141 MB DedicatedVideo/DedicatedSystem/SharedSystem, Outputs:0, VendorId:0x8086
[2021.05.29-21.04.12:662][  0]LogD3D11RHI:    2. 'Microsoft Basic Render Driver' (Feature Level 11_0)
[2021.05.29-21.04.12:662][  0]LogD3D11RHI:       0/0/8141 MB DedicatedVideo/DedicatedSystem/SharedSystem, Outputs:0, VendorId:0x1414
[2021.05.29-21.04.12:662][  0]LogD3D11RHI: Chosen D3D11 Adapter: 0
[2021.05.29-21.04.12:668][  0]LogD3D11RHI: Creating new Direct3DDevice
[2021.05.29-21.04.12:669][  0]LogD3D11RHI:     GPU DeviceId: 0x1f11 (for the marketing name, search the web for "GPU Device Id")
[2021.05.29-21.04.12:669][  0]LogWindows: EnumDisplayDevices:
[2021.05.29-21.04.12:669][  0]LogWindows:    0. 'Intel(R) UHD Graphics 630' (P:1 D:1)
[2021.05.29-21.04.12:669][  0]LogWindows:    1. 'Intel(R) UHD Graphics 630' (P:0 D:0)
[2021.05.29-21.04.12:669][  0]LogWindows:    2. 'Intel(R) UHD Graphics 630' (P:0 D:0)
[2021.05.29-21.04.12:669][  0]LogWindows:    3. 'NVIDIA GeForce RTX 2060' (P:0 D:0)
[2021.05.29-21.04.12:670][  0]LogWindows:    4. 'NVIDIA GeForce RTX 2060' (P:0 D:0)
[2021.05.29-21.04.12:670][  0]LogWindows:    5. 'NVIDIA GeForce RTX 2060' (P:0 D:0)
[2021.05.29-21.04.12:670][  0]LogWindows:    6. 'NVIDIA GeForce RTX 2060' (P:0 D:0)
[2021.05.29-21.04.12:670][  0]LogWindows: DebugString: PrimaryIsNotTheChoosenAdapter PrimaryIsNotTheChoosenAdapter PrimaryIsNotTheChoosenAdapter FoundDriverCount:4 
[2021.05.29-21.04.12:670][  0]LogD3D11RHI:     Adapter Name: NVIDIA GeForce RTX 2060
[2021.05.29-21.04.12:670][  0]LogD3D11RHI:   Driver Version: 461.40 (internal:27.21.14.6140, unified:461.40)
[2021.05.29-21.04.12:670][  0]LogD3D11RHI:      Driver Date: 1-22-2021
[2021.05.29-21.04.12:670][  0]LogRHI: Texture pool is 4186 MB (70% of 5980 MB)
[2021.05.29-21.04.12:749][  0]LogD3D11RHI: RHI has support for 64 bit atomics
[2021.05.29-21.04.12:749][  0]LogD3D11RHI: Async texture creation enabled
[2021.05.29-21.04.12:749][  0]LogD3D11RHI: Array index from any shader is supported
[2021.05.29-21.04.12:763][  0]LogD3D11RHI: GPU Timing Frequency: 1000.000000 (Debug: 2 1)
[2021.05.29-21.04.13:065][  0]LogTargetPlatformManager: Display: Loaded TargetPlatform 'WindowsNoEditor'
[2021.05.29-21.04.13:069][  0]LogTargetPlatformManager: Display: Loaded TargetPlatform 'Windows'
[2021.05.29-21.04.13:078][  0]LogTargetPlatformManager: Display: Loaded TargetPlatform 'WindowsClient'
[2021.05.29-21.04.13:087][  0]LogTargetPlatformManager: Display: Loaded TargetPlatform 'WindowsServer'
[2021.05.29-21.04.13:087][  0]LogTargetPlatformManager: Display: Building Assets For Windows
[2021.05.29-21.04.13:092][  0]LogAudioDebug: Display: Lib vorbis DLL was dynamically loaded.
[2021.05.29-21.04.13:143][  0]LogShaderCompilers: Guid format shader working directory is -49 characters bigger than the processId version (../../../../../../Users/nicos/OneDrive/Documents/Unreal Projects/Git_UnrealProjects/drumMachine/Intermediate/Shaders/WorkingDirectory/7956/).
[2021.05.29-21.04.13:144][  0]LogShaderCompilers: Cleaned the shader compiler working directory 'C:/Users/nicos/AppData/Local/Temp/UnrealShaderWorkingDir/EF9D24964DBC29378D9BA78685C3BAD2/'.
[2021.05.29-21.04.13:144][  0]LogXGEController: Cannot use XGE Controller as Incredibuild is not installed on this machine.
[2021.05.29-21.04.13:144][  0]LogShaderCompilers: Cannot use XGE Shader Compiler as Incredibuild is not installed on this machine.
[2021.05.29-21.04.13:144][  0]LogShaderCompilers: Display: Using Local Shader Compiler.
[2021.05.29-21.04.13:933][  0]LogDerivedDataCache: Display: Max Cache Size: 512 MB
[2021.05.29-21.04.13:987][  0]LogDerivedDataCache: Loaded boot cache 0.05s 79MB C:/Users/nicos/AppData/Local/UnrealEngine/4.25/DerivedDataCache/Boot.ddc.
[2021.05.29-21.04.13:987][  0]LogDerivedDataCache: Display: Loaded Boot cache: C:/Users/nicos/AppData/Local/UnrealEngine/4.25/DerivedDataCache/Boot.ddc
[2021.05.29-21.04.13:987][  0]LogDerivedDataCache: FDerivedDataBackendGraph:  Pak pak cache file ../../../../../../Users/nicos/OneDrive/Documents/Unreal Projects/Git_UnrealProjects/drumMachine/DerivedDataCache/DDC.ddp not found, will not use a pak cache.
[2021.05.29-21.04.13:987][  0]LogDerivedDataCache: Unable to find inner node Pak for hierarchical cache Hierarchy.
[2021.05.29-21.04.13:988][  0]LogDerivedDataCache: FDerivedDataBackendGraph:  CompressedPak pak cache file ../../../../../../Users/nicos/OneDrive/Documents/Unreal Projects/Git_UnrealProjects/drumMachine/DerivedDataCache/Compressed.ddp not found, will not use a pak cache.
[2021.05.29-21.04.13:988][  0]LogDerivedDataCache: Unable to find inner node CompressedPak for hierarchical cache Hierarchy.
[2021.05.29-21.04.13:997][  0]LogDerivedDataCache: Display: Pak cache opened for reading ../../../Engine/DerivedDataCache/Compressed.ddp.
[2021.05.29-21.04.13:997][  0]LogDerivedDataCache: FDerivedDataBackendGraph:  EnterprisePak pak cache file ../../../Enterprise/DerivedDataCache/Compressed.ddp not found, will not use a pak cache.
[2021.05.29-21.04.13:997][  0]LogDerivedDataCache: Unable to find inner node EnterprisePak for hierarchical cache Hierarchy.
[2021.05.29-21.04.13:998][  0]LogDerivedDataCache: Using Local data cache path C:/Users/nicos/AppData/Local/UnrealEngine/Common/DerivedDataCache: Writable
[2021.05.29-21.04.13:998][  0]LogDerivedDataCache: Shared data cache path not found in *engine.ini, will not use an Shared cache.
[2021.05.29-21.04.13:998][  0]LogDerivedDataCache: Unable to find inner node Shared for hierarchical cache Hierarchy.
[2021.05.29-21.04.14:034][  0]LogSlate: Using FreeType 2.10.0
[2021.05.29-21.04.14:034][  0]LogSlate: SlateFontServices - WITH_FREETYPE: 1, WITH_HARFBUZZ: 1
[2021.05.29-21.04.14:129][  0]LogInit: Using OS detected language (en-US).
[2021.05.29-21.04.14:129][  0]LogInit: Using OS detected locale (en-US).
[2021.05.29-21.04.14:129][  0]LogTextLocalizationManager: No localization for 'en-US' exists, so 'en' will be used for the language.
[2021.05.29-21.04.14:129][  0]LogTextLocalizationManager: No localization for 'en-US' exists, so 'en' will be used for the locale.
[2021.05.29-21.04.14:129][  0]LogSlate: FontCache flush requested. Reason: Culture for localization was changed
[2021.05.29-21.04.14:129][  0]LogSlate: FontCache flush requested. Reason: Culture for localization was changed
[2021.05.29-21.04.14:130][  0]LogTextLocalizationManager: Compacting localization data took   0.00ms
[2021.05.29-21.04.14:133][  0]LogAssetRegistry: FAssetRegistry took 0.0020 seconds to start up
[2021.05.29-21.04.14:312][  0]LogPackageLocalizationCache: Processed 23 localized package path(s) for 1 prioritized culture(s) in 0.000914 seconds
[2021.05.29-21.04.14:355][  0]LogInit: Selected Device Profile: [Windows]
[2021.05.29-21.04.14:445][  0]LogMeshReduction: Using QuadricMeshReduction for automatic static mesh reduction
[2021.05.29-21.04.14:445][  0]LogMeshReduction: Using SimplygonMeshReduction for automatic skeletal mesh reduction
[2021.05.29-21.04.14:445][  0]LogMeshReduction: Using ProxyLODMeshReduction for automatic mesh merging
[2021.05.29-21.04.14:445][  0]LogMeshReduction: No distributed automatic mesh merging module available
[2021.05.29-21.04.14:445][  0]LogMeshMerging: No distributed automatic mesh merging module available
[2021.05.29-21.04.14:459][  0]LogNetVersion: drumMachine 1.0.0, NetCL: 13144385, EngineNetVer: 14, GameNetVer: 0 (Checksum: 170566790)
[2021.05.29-21.04.14:665][  0]LogAISub: UAISubsystem::UAISubsystem AISubsystem (0000016AFAF3B3C0), frame # 0
[2021.05.29-21.04.14:666][  0]LogAISub: UAISubsystem::UAISubsystem AIPerceptionSystem (0000016AFAF06980), frame # 0
[2021.05.29-21.04.14:667][  0]LogAISub: UAISubsystem::UAISubsystem EnvQueryManager (0000016AFAF0BC00), frame # 0
[2021.05.29-21.04.14:747][  0]LogCollectionManager: Loaded 0 collections in 0.001657 seconds
[2021.05.29-21.04.14:748][  0]LogFileCache: Scanning file cache for directory 'C:/Users/nicos/OneDrive/Documents/Unreal Projects/Git_UnrealProjects/drumMachine/Saved/Collections/' took 0.00s
[2021.05.29-21.04.14:748][  0]LogFileCache: Scanning file cache for directory 'C:/Users/nicos/OneDrive/Documents/Unreal Projects/Git_UnrealProjects/drumMachine/Content/Developers/nicos/Collections/' took 0.00s
[2021.05.29-21.04.14:748][  0]LogFileCache: Scanning file cache for directory 'C:/Users/nicos/OneDrive/Documents/Unreal Projects/Git_UnrealProjects/drumMachine/Content/Collections/' took 0.00s
[2021.05.29-21.04.14:748][  0]LogCollectionManager: Fixed up redirectors for 0 collections in 0.000003 seconds (updated 0 objects)
[2021.05.29-21.04.14:804][  0]LogMoviePlayer: Initializing movie player
[2021.05.29-21.04.14:951][  0]LogTcpMessaging: Initializing TcpMessaging bridge
[2021.05.29-21.04.14:954][  0]LogUdpMessaging: Initializing bridge on interface 0.0.0.0:0 to multicast group 230.0.0.1:6666.
[2021.05.29-21.04.14:993][  0]SourceControl: Source control is disabled
[2021.05.29-21.04.14:993][  0]SourceControl: Source control is disabled
[2021.05.29-21.04.14:998][  0]SourceControl: Source control is disabled
[2021.05.29-21.04.15:108][  0]LogAndroidPermission: UAndroidPermissionCallbackProxy::GetInstance
[2021.05.29-21.04.15:122][  0]LogAudioCaptureCore: Display: No Audio Capture implementations found. Audio input will be silent.
[2021.05.29-21.04.15:122][  0]LogAudioCaptureCore: Display: No Audio Capture implementations found. Audio input will be silent.
[2021.05.29-21.04.15:127][  0]LogAudioModulation: Starting Audio Modulation Module
[2021.05.29-21.04.15:162][  0]LogOcInput: OculusInput pre-init called
[2021.05.29-21.04.15:176][  0]LogUObjectArray: 19188 objects as part of root set at end of initial load.
[2021.05.29-21.04.15:176][  0]LogUObjectAllocator: 5051024 out of 0 bytes used by permanent object pool.
[2021.05.29-21.04.15:176][  0]LogUObjectArray: CloseDisregardForGC: 0/0 objects in disregard for GC pool
[2021.05.29-21.04.15:210][  0]LogEngine: Initializing Engine...
[2021.05.29-21.04.15:257][  0]LogHMD: Failed to initialize OpenVR with code 108
[2021.05.29-21.04.15:257][  0]LogMagicLeap: Warning: VR disabled because ZI is not enabled.  To enable, in the editor, Edit -> Project Settings -> Plugins -> Magic Leap Plugin -> Enable Zero Iteration
[2021.05.29-21.04.15:259][  0]LogStats: UGameplayTagsManager::InitializeManager -  0.001 s
[2021.05.29-21.04.15:342][  0]LogInit: Initializing FReadOnlyCVARCache
[2021.05.29-21.04.15:346][  0]LogAudioMixer: Display: Audio Mixer Platform Settings:
[2021.05.29-21.04.15:346][  0]LogAudioMixer: Display: 	Sample Rate:						  48000
[2021.05.29-21.04.15:346][  0]LogAudioMixer: Display: 	Callback Buffer Frame Size Requested: 1024
[2021.05.29-21.04.15:346][  0]LogAudioMixer: Display: 	Callback Buffer Frame Size To Use:	  1024
[2021.05.29-21.04.15:346][  0]LogAudioMixer: Display: 	Number of buffers to queue:			  2
[2021.05.29-21.04.15:346][  0]LogAudioMixer: Display: 	Max Channels (voices):				  32
[2021.05.29-21.04.15:346][  0]LogAudioMixer: Display: 	Number of Async Source Workers:		  0
[2021.05.29-21.04.15:346][  0]LogAudio: Display: AudioDevice MaxSources: 32
[2021.05.29-21.04.15:346][  0]LogAudio: Display: Using built-in audio occlusion.
[2021.05.29-21.04.15:346][  0]LogAudio: Display: Audio Modulation Plugin: DefaultModulationPlugin
[2021.05.29-21.04.15:346][  0]LogAudioMixer: Display: Initializing audio mixer.
[2021.05.29-21.04.15:391][  0]LogAudioMixer: Display: 0: FrontLeft
[2021.05.29-21.04.15:391][  0]LogAudioMixer: Display: 1: FrontRight
[2021.05.29-21.04.15:435][  0]LogAudioMixer: Display: Using Audio Device Speakers (Realtek(R) Audio)
[2021.05.29-21.04.15:441][  0]LogAudioMixer: Display: Initializing Sound Submixes...
[2021.05.29-21.04.15:443][  0]LogAudioMixer: Display: Creating Master Submix 'MasterSubmixDefault'
[2021.05.29-21.04.15:443][  0]LogAudioMixer: Display: Creating Master Submix 'MasterReverbSubmixDefault'
[2021.05.29-21.04.15:444][  0]LogAudioMixer: Display: Creating Master Submix 'MasterEQSubmixDefault'
[2021.05.29-21.04.15:445][  0]LogInit: FAudioDevice initialized.
[2021.05.29-21.04.15:446][  0]LogNetVersion: Set ProjectVersion to 1.0.0.0. Version Checksum will be recalculated on next use.
[2021.05.29-21.04.15:451][  0]LogInit: Texture streaming: Enabled
[2021.05.29-21.04.15:504][  0]LogSlate: Updating window title bar state: overlay mode, drag disabled, window buttons hidden, title bar hidden
[2021.05.29-21.04.15:504][  0]LogInit: Display: Game Engine Initialized.
[2021.05.29-21.04.15:505][  0]LogNiagaraEditor: Warning: GEditor isn't valid! Particle reset commands will not work for Niagara components!
[2021.05.29-21.04.15:525][  0]LogInit: Display: Starting Game.
[2021.05.29-21.04.15:525][  0]LogNet: Browse: /Game/PuzzleBP/Maps/PuzzleExampleMap?Name=Player
[2021.05.29-21.04.15:526][  0]LogLoad: LoadMap: /Game/PuzzleBP/Maps/PuzzleExampleMap?Name=Player
[2021.05.29-21.04.15:526][  0]LogWorld: BeginTearingDown for /Temp/Untitled_0
[2021.05.29-21.04.15:527][  0]LogWorld: UWorld::CleanupWorld for Untitled, bSessionEnded=true, bCleanupResources=true
[2021.05.29-21.04.15:527][  0]LogSlate: InvalidateAllWidgets triggered.  All widgets were invalidated
[2021.05.29-21.04.15:538][  0]LogUObjectHash: Compacting FUObjectHashTables data took   0.55ms
[2021.05.29-21.04.15:776][  0]LogAIModule: Creating AISystem for world PuzzleExampleMap
[2021.05.29-21.04.15:776][  0]LogAISub: UAISubsystem::UAISubsystem EnvQueryManager (0000016A8ABB1A00), frame # 0
[2021.05.29-21.04.15:776][  0]LogAISub: UAISubsystem::UAISubsystem AIPerceptionSystem (0000016A85A14900), frame # 0
[2021.05.29-21.04.15:777][  0]LogLoad: Game class is 'PuzzleGameMode_C'
[2021.05.29-21.04.15:793][  0]LogWorld: Bringing World /Game/PuzzleBP/Maps/PuzzleExampleMap.PuzzleExampleMap up for play (max tick rate 0) at 2021.05.29-14.04.15
[2021.05.29-21.04.15:793][  0]LogWorld: Bringing up level for play took: 0.016649
[2021.05.29-21.04.15:794][  0]LogGameMode: FindPlayerStart: PATHS NOT DEFINED or NO PLAYERSTART with positive rating
[2021.05.29-21.04.15:795][  0]LogScript: Warning: Accessed None trying to read property TextRender
	PuzzleBlockGrid_C /Game/PuzzleBP/Maps/PuzzleExampleMap.PuzzleExampleMap:PersistentLevel.PuzzleBlockGrid
	Function /Game/Blueprints/PuzzleBlockGrid.PuzzleBlockGrid_C:ExecuteUbergraph_PuzzleBlockGrid:0AE5
[2021.05.29-21.04.15:795][  0]LogScript: Warning: Script call stack:
	Function /Game/Blueprints/PuzzleBlockGrid.PuzzleBlockGrid_C:ReceiveBeginPlay
	Function /Game/Blueprints/PuzzleBlockGrid.PuzzleBlockGrid_C:ExecuteUbergraph_PuzzleBlockGrid

[2021.05.29-21.04.15:869][  0]LogLoad: Took 0.343144 seconds to LoadMap(/Game/PuzzleBP/Maps/PuzzleExampleMap)
[2021.05.29-21.04.15:883][  0]LogSlate: Took 0.000150 seconds to synchronously load lazily loaded font '../../../Engine/Content/Slate/Fonts/Roboto-Regular.ttf' (155K)
[2021.05.29-21.04.15:896][  0]LogRenderer: Reallocating scene render targets to support 1280x720 Format 10 NumSamples 1 (Frame:1).
[2021.05.29-21.04.15:896][  0]LogLoad: (Engine Initialization) Total time: 6.97 seconds
[2021.05.29-21.04.15:896][  0]LogLoad: (Engine Initialization) Total Blueprint compile time: 0.00 seconds
[2021.05.29-21.04.15:949][  0]LogContentStreaming: Texture pool size now 1000 MB
[2021.05.29-21.04.15:952][  0]LogSlate: InvalidateAllWidgets triggered.  All widgets were invalidated
[2021.05.29-21.04.16:032][  0]LogRenderer: Reallocating scene render targets to support 128x128 Format 10 NumSamples 1 (Frame:1).
[2021.05.29-21.04.16:067][  0]LogRenderer: Reallocating scene render targets to support 1280x720 Format 10 NumSamples 1 (Frame:2).
[2021.05.29-21.04.16:105][  1]LogSlate: Took 0.000118 seconds to synchronously load lazily loaded font '../../../Engine/Content/Slate/Fonts/Roboto-Regular.ttf' (155K)
[2021.05.29-21.04.18:900][231]LogBlueprintUserMessages: [UI_Main_C_0] start drag
[2021.05.29-21.04.18:900][231]LogBlueprintUserMessages: [InstrumentContainer] spawn instrument
[2021.05.29-21.04.46:347][577]LogSlate: Window 'drumMachine (64-bit Development PCD3D_SM5) ' being destroyed
[2021.05.29-21.04.46:348][577]LogWindowsTextInputMethodSystem: Display: IME system now deactivated.
[2021.05.29-21.04.46:355][577]LogWindowsTextInputMethodSystem: Display: IME system now deactivated.
[2021.05.29-21.04.46:356][577]LogSlate: Updating window title bar state: overlay mode, drag disabled, window buttons hidden, title bar hidden
[2021.05.29-21.04.46:356][577]LogEngine: All Windows Closed
[2021.05.29-21.04.46:356][577]LogWindows: FPlatformMisc::RequestExit(0)
[2021.05.29-21.04.46:356][577]LogCore: Engine exit requested (reason: Win RequestExit)
[2021.05.29-21.04.46:356][578]LogCore: Engine exit requested (reason: EngineExit() was called; note: exit was already requested)
[2021.05.29-21.04.46:358][578]LogAudio: Display: Shutting down audio device while 2 references to it are still alive. For more information, compile with INSTRUMENT_AUDIODEVICE_HANDLES.
[2021.05.29-21.04.46:393][578]LogInit: Display: PreExit Game.
[2021.05.29-21.04.46:421][578]LogWorld: BeginTearingDown for /Game/PuzzleBP/Maps/PuzzleExampleMap
[2021.05.29-21.04.46:421][578]LogWorld: UWorld::CleanupWorld for PuzzleExampleMap, bSessionEnded=true, bCleanupResources=true
[2021.05.29-21.04.46:423][578]LogSlate: InvalidateAllWidgets triggered.  All widgets were invalidated
[2021.05.29-21.04.47:280][578]LogExit: Preparing to exit.
[2021.05.29-21.04.47:974][578]LogMoviePlayer: Shutting down movie player
[2021.05.29-21.04.48:169][578]LogSlate: Updating window title bar state: overlay mode, drag disabled, window buttons hidden, title bar hidden
[2021.05.29-21.04.48:177][578]LogDemo: Cleaned up 0 splitscreen connections with owner deletion
[2021.05.29-21.04.48:180][578]LogExit: Game engine shut down
[2021.05.29-21.04.48:194][578]LogAISub: UAISubsystem::~UAISubsystem AISubsystem (0000016AFAF3B3C0), frame # 2578
[2021.05.29-21.04.48:194][578]LogAISub: UAISubsystem::~UAISubsystem AIPerceptionSystem (0000016AFAF06980), frame # 2578
[2021.05.29-21.04.48:194][578]LogAISub: UAISubsystem::~UAISubsystem EnvQueryManager (0000016AFAF0BC00), frame # 2578
[2021.05.29-21.04.48:199][578]LogAISub: UAISubsystem::~UAISubsystem EnvQueryManager (0000016A8ABB1A00), frame # 2578
[2021.05.29-21.04.48:199][578]LogAISub: UAISubsystem::~UAISubsystem AIPerceptionSystem (0000016A85A14900), frame # 2578
[2021.05.29-21.04.48:223][578]LogExit: Object subsystem successfully closed.
[2021.05.29-21.04.48:241][578]LogShaderCompilers: Display: Shaders left to compile 0
[2021.05.29-21.04.48:257][578]LogModuleManager: Shutting down and abandoning module SequenceRecorderSections (518)
[2021.05.29-21.04.48:257][578]LogModuleManager: Shutting down and abandoning module SequenceRecorder (516)
[2021.05.29-21.04.48:257][578]LogModuleManager: Shutting down and abandoning module AutomationController (514)
[2021.05.29-21.04.48:257][578]LogModuleManager: Shutting down and abandoning module AutomationWorker (512)
[2021.05.29-21.04.48:257][578]LogModuleManager: Shutting down and abandoning module Voice (510)
[2021.05.29-21.04.48:257][578]LogModuleManager: Shutting down and abandoning module AIModule (508)
[2021.05.29-21.04.48:257][578]LogModuleManager: Shutting down and abandoning module GameplayDebugger (507)
[2021.05.29-21.04.48:257][578]LogModuleManager: Shutting down and abandoning module AITestSuite (505)
[2021.05.29-21.04.48:257][578]LogModuleManager: Shutting down and abandoning module NavigationSystem (503)
[2021.05.29-21.04.48:257][578]LogModuleManager: Shutting down and abandoning module OculusMR (500)
[2021.05.29-21.04.48:257][578]LogModuleManager: Shutting down and abandoning module WmfMediaFactory (498)
[2021.05.29-21.04.48:257][578]LogModuleManager: Shutting down and abandoning module WebMMediaFactory (496)
[2021.05.29-21.04.48:257][578]LogModuleManager: Shutting down and abandoning module WebMMedia (494)
[2021.05.29-21.04.48:257][578]LogModuleManager: Shutting down and abandoning module OpenExrWrapper (492)
[2021.05.29-21.04.48:257][578]LogModuleManager: Shutting down and abandoning module ImgMediaFactory (490)
[2021.05.29-21.04.48:257][578]LogModuleManager: Shutting down and abandoning module AvfMediaFactory (488)
[2021.05.29-21.04.48:257][578]LogModuleManager: Shutting down and abandoning module MagicLeapMediaCodecFactory (486)
[2021.05.29-21.04.48:257][578]LogModuleManager: Shutting down and abandoning module MagicLeapMediaFactory (484)
[2021.05.29-21.04.48:257][578]LogModuleManager: Shutting down and abandoning module PlanarCut (482)
[2021.05.29-21.04.48:257][578]LogModuleManager: Shutting down and abandoning module CharacterAI (480)
[2021.05.29-21.04.48:257][578]LogModuleManager: Shutting down and abandoning module SessionServices (478)
[2021.05.29-21.04.48:257][578]LogModuleManager: Shutting down and abandoning module MovieSceneCapture (476)
[2021.05.29-21.04.48:257][578]LogModuleManager: Shutting down and abandoning module LiveCoding (474)
[2021.05.29-21.04.48:258][578]LogModuleManager: Shutting down and abandoning module LevelSequence (472)
[2021.05.29-21.04.48:258][578]LogModuleManager: Shutting down and abandoning module MovieSceneTracks (470)
[2021.05.29-21.04.48:258][578]LogModuleManager: Shutting down and abandoning module MovieScene (468)
[2021.05.29-21.04.48:258][578]LogModuleManager: Shutting down and abandoning module StreamingPauseRendering (466)
[2021.05.29-21.04.48:258][578]LogModuleManager: Shutting down and abandoning module PortalServices (464)
[2021.05.29-21.04.48:258][578]LogModuleManager: Shutting down and abandoning module PortalRpc (462)
[2021.05.29-21.04.48:258][578]LogModuleManager: Shutting down and abandoning module MessagingRpc (460)
[2021.05.29-21.04.48:258][578]LogModuleManager: Shutting down and abandoning module AudioMixerXAudio2 (458)
[2021.05.29-21.04.48:258][578]LogModuleManager: Shutting down and abandoning module AudioMixerCore (457)
[2021.05.29-21.04.48:258][578]LogModuleManager: Shutting down and abandoning module ProfilerService (454)
[2021.05.29-21.04.48:493][578]LogModuleManager: Shutting down and abandoning module TaskGraph (452)
[2021.05.29-21.04.48:493][578]LogModuleManager: Shutting down and abandoning module Synthesis (450)
[2021.05.29-21.04.48:493][578]LogModuleManager: Shutting down and abandoning module SoundVisualizations (448)
[2021.05.29-21.04.48:493][578]LogModuleManager: Shutting down and abandoning module ProceduralMeshComponent (446)
[2021.05.29-21.04.48:493][578]LogModuleManager: Shutting down and abandoning module OculusInput (444)
[2021.05.29-21.04.48:493][578]LogModuleManager: Shutting down and abandoning module MobilePatchingUtils (442)
[2021.05.29-21.04.48:493][578]LogModuleManager: Shutting down and abandoning module GooglePAD (440)
[2021.05.29-21.04.48:493][578]LogModuleManager: Shutting down and abandoning module EditableMesh (438)
[2021.05.29-21.04.48:493][578]LogModuleManager: Shutting down and abandoning module SQLiteSupport (436)
[2021.05.29-21.04.48:493][578]LogModuleManager: Shutting down and abandoning module DatabaseSupport (434)
[2021.05.29-21.04.48:493][578]LogModuleManager: Shutting down and abandoning module CustomMeshComponent (432)
[2021.05.29-21.04.48:493][578]LogModuleManager: Shutting down and abandoning module CableComponent (430)
[2021.05.29-21.04.48:493][578]LogModuleManager: Shutting down and abandoning module AudioModulation (428)
[2021.05.29-21.04.48:493][578]LogAudioModulation: Shutting Down Audio Modulation Module
[2021.05.29-21.04.48:493][578]LogModuleManager: Shutting down and abandoning module AudioCapture (426)
[2021.05.29-21.04.48:493][578]LogModuleManager: Shutting down and abandoning module AudioCaptureRtAudio (425)
[2021.05.29-21.04.48:493][578]LogModuleManager: Shutting down and abandoning module AssetTags (422)
[2021.05.29-21.04.48:494][578]LogModuleManager: Shutting down and abandoning module ArchVisCharacter (420)
[2021.05.29-21.04.48:494][578]LogModuleManager: Shutting down and abandoning module AppleImageUtilsBlueprintSupport (418)
[2021.05.29-21.04.48:494][578]LogModuleManager: Shutting down and abandoning module AppleImageUtils (416)
[2021.05.29-21.04.48:494][578]LogModuleManager: Shutting down and abandoning module AndroidPermission (414)
[2021.05.29-21.04.48:494][578]LogModuleManager: Shutting down and abandoning module NUTUnrealEngine4 (412)
[2021.05.29-21.04.48:494][578]LogModuleManager: Shutting down and abandoning module NetcodeUnitTest (410)
[2021.05.29-21.04.48:494][578]LogModuleManager: Shutting down and abandoning module TemplateSequence (408)
[2021.05.29-21.04.48:494][578]LogModuleManager: Shutting down and abandoning module MovieRenderPipelineRenderPasses (406)
[2021.05.29-21.04.48:494][578]LogModuleManager: Shutting down and abandoning module MovieRenderPipelineSettings (404)
[2021.05.29-21.04.48:494][578]LogModuleManager: Shutting down and abandoning module MovieRenderPipelineCore (402)
[2021.05.29-21.04.48:494][578]LogModuleManager: Shutting down and abandoning module ImageWriteQueue (401)
[2021.05.29-21.04.48:496][578]LogModuleManager: Shutting down and abandoning module MediaCompositing (398)
[2021.05.29-21.04.48:496][578]LogModuleManager: Shutting down and abandoning module ImgMedia (396)
[2021.05.29-21.04.48:496][578]LogModuleManager: Shutting down and abandoning module MagicLeapSharedWorld (394)
[2021.05.29-21.04.48:496][578]LogModuleManager: Shutting down and abandoning module MagicLeapLightEstimation (392)
[2021.05.29-21.04.48:496][578]LogModuleManager: Shutting down and abandoning module MagicLeapHelperVulkan (390)
[2021.05.29-21.04.48:496][578]LogModuleManager: Shutting down and abandoning module MagicLeapHelperOpenGL (388)
[2021.05.29-21.04.48:496][578]LogModuleManager: Shutting down and abandoning module MagicLeapAudio (386)
[2021.05.29-21.04.48:496][578]LogModuleManager: Shutting down and abandoning module MeshSolverUtilities (384)
[2021.05.29-21.04.48:496][578]LogModuleManager: Shutting down and abandoning module MeshConversion (382)
[2021.05.29-21.04.48:496][578]LogModuleManager: Shutting down and abandoning module DynamicMesh (380)
[2021.05.29-21.04.48:496][578]LogModuleManager: Shutting down and abandoning module GeometryAlgorithms (378)
[2021.05.29-21.04.48:496][578]LogModuleManager: Shutting down and abandoning module GeometricObjects (376)
[2021.05.29-21.04.48:496][578]LogModuleManager: Shutting down and abandoning module GeometryCollectionTracks (374)
[2021.05.29-21.04.48:496][578]LogModuleManager: Shutting down and abandoning module GeometryCollectionSequencer (373)
[2021.05.29-21.04.48:496][578]LogModuleManager: Shutting down and abandoning module GeometryCacheTracks (370)
[2021.05.29-21.04.48:496][578]LogModuleManager: Shutting down and abandoning module GeometryCacheSequencer (369)
[2021.05.29-21.04.48:496][578]LogModuleManager: Shutting down and abandoning module GeometryCache (366)
[2021.05.29-21.04.48:496][578]LogModuleManager: Shutting down and abandoning module GeometryCacheEd (365)
[2021.05.29-21.04.48:496][578]LogModuleManager: Shutting down and abandoning module ChaosNiagara (362)
[2021.05.29-21.04.48:496][578]LogModuleManager: Shutting down and abandoning module ChaosCloth (360)
[2021.05.29-21.04.48:496][578]LogModuleManager: Shutting down and abandoning module BackChannel (358)
[2021.05.29-21.04.48:496][578]LogModuleManager: Shutting down and abandoning module AutomationUtils (356)
[2021.05.29-21.04.48:496][578]LogModuleManager: Shutting down and abandoning module VisualStudioSourceCodeAccess (354)
[2021.05.29-21.04.48:496][578]LogModuleManager: Shutting down and abandoning module HotReload (353)
[2021.05.29-21.04.48:496][578]LogModuleManager: Shutting down and abandoning module VisualStudioCodeSourceCodeAccess (350)
[2021.05.29-21.04.48:496][578]LogModuleManager: Shutting down and abandoning module UObjectPlugin (348)
[2021.05.29-21.04.48:496][578]LogModuleManager: Shutting down and abandoning module SubversionSourceControl (346)
[2021.05.29-21.04.48:496][578]LogModuleManager: Shutting down and abandoning module RiderSourceCodeAccess (344)
[2021.05.29-21.04.48:496][578]LogModuleManager: Shutting down and abandoning module PerforceSourceControl (342)
[2021.05.29-21.04.48:496][578]LogModuleManager: Shutting down and abandoning module SourceControl (341)
[2021.05.29-21.04.48:497][578]LogModuleManager: Shutting down and abandoning module CLionSourceCodeAccess (338)
[2021.05.29-21.04.48:497][578]LogModuleManager: Shutting down and abandoning module ActorLayerUtilities (336)
[2021.05.29-21.04.48:497][578]LogModuleManager: Shutting down and abandoning module SoundFields (334)
[2021.05.29-21.04.48:497][578]LogModuleManager: Shutting down and abandoning module SignificanceManager (332)
[2021.05.29-21.04.48:497][578]LogModuleManager: Shutting down and abandoning module RuntimePhysXCooking (330)
[2021.05.29-21.04.48:497][578]LogModuleManager: Shutting down and abandoning module PhysXVehiclesEditor (328)
[2021.05.29-21.04.48:497][578]LogModuleManager: Shutting down and abandoning module LocationServicesBPLibrary (324)
[2021.05.29-21.04.48:497][578]LogModuleManager: Shutting down and abandoning module SQLiteCore (322)
[2021.05.29-21.04.48:497][578]LogModuleManager: Shutting down and abandoning module AudioSynesthesia (320)
[2021.05.29-21.04.48:497][578]LogModuleManager: Shutting down and abandoning module AudioSynesthesiaCore (318)
[2021.05.29-21.04.48:497][578]LogModuleManager: Shutting down and abandoning module ActorSequence (316)
[2021.05.29-21.04.48:497][578]LogModuleManager: Shutting down and abandoning module UdpMessaging (314)
[2021.05.29-21.04.48:597][578]LogModuleManager: Shutting down and abandoning module TcpMessaging (312)
[2021.05.29-21.04.48:972][578]LogModuleManager: Shutting down and abandoning module MagicLeapARPin (310)
[2021.05.29-21.04.48:972][578]LogModuleManager: Shutting down and abandoning module MagicLeapHandMeshing (308)
[2021.05.29-21.04.48:972][578]LogModuleManager: Shutting down and abandoning module MagicLeapSecureStorage (306)
[2021.05.29-21.04.48:972][578]LogModuleManager: Shutting down and abandoning module MagicLeapPrivileges (304)
[2021.05.29-21.04.48:972][578]LogModuleManager: Shutting down and abandoning module MagicLeapPlanes (302)
[2021.05.29-21.04.48:972][578]LogMagicLeapPlanes: Planes tracker already destroyed.
[2021.05.29-21.04.48:972][578]LogModuleManager: Shutting down and abandoning module MagicLeapImageTracker (300)
[2021.05.29-21.04.48:972][578]LogModuleManager: Shutting down and abandoning module MagicLeapIdentity (298)
[2021.05.29-21.04.48:972][578]LogModuleManager: Shutting down and abandoning module MagicLeapHandTracking (296)
[2021.05.29-21.04.48:972][578]LogModuleManager: Shutting down and abandoning module MagicLeapEyeTracker (294)
[2021.05.29-21.04.48:972][578]LogModuleManager: Shutting down and abandoning module MagicLeapController (292)
[2021.05.29-21.04.48:972][578]LogSlate: Slate User Destroyed.  User Index 0, Is Virtual User: 0
[2021.05.29-21.04.48:972][578]LogModuleManager: Shutting down and abandoning module MagicLeapARPinImpl (290)
[2021.05.29-21.04.48:972][578]LogModuleManager: Shutting down and abandoning module MagicLeapAR (288)
[2021.05.29-21.04.48:972][578]LogModuleManager: Shutting down and abandoning module AugmentedReality (287)
[2021.05.29-21.04.48:972][578]LogModuleManager: Shutting down and abandoning module NiagaraAnimNotifies (284)
[2021.05.29-21.04.48:972][578]LogModuleManager: Shutting down and abandoning module Niagara (282)
[2021.05.29-21.04.48:972][578]LogModuleManager: Shutting down and abandoning module SignalProcessing (281)
[2021.05.29-21.04.48:972][578]LogModuleManager: Shutting down and abandoning module NiagaraEditor (279)
[2021.05.29-21.04.48:972][578]LogModuleManager: Shutting down and abandoning module NiagaraCore (276)
[2021.05.29-21.04.48:972][578]LogModuleManager: Shutting down and abandoning module GameplayTagsEditor (274)
[2021.05.29-21.04.48:972][578]LogModuleManager: Shutting down and abandoning module FacialAnimation (272)
[2021.05.29-21.04.48:972][578]LogModuleManager: Shutting down and abandoning module AssetManagerEditor (270)
[2021.05.29-21.04.48:972][578]LogModuleManager: Shutting down and abandoning module TreeMap (269)
[2021.05.29-21.04.48:973][578]LogModuleManager: Shutting down and abandoning module AnimationSharing (266)
[2021.05.29-21.04.48:973][578]LogModuleManager: Shutting down and abandoning module LightPropagationVolumeRuntime (264)
[2021.05.29-21.04.48:973][578]LogModuleManager: Shutting down and abandoning module Paper2D (262)
[2021.05.29-21.04.48:973][578]LogModuleManager: Shutting down and abandoning module WindowsMoviePlayer (260)
[2021.05.29-21.04.48:973][578]LogModuleManager: Shutting down and abandoning module WebMMoviePlayer (258)
[2021.05.29-21.04.48:973][578]LogModuleManager: Shutting down and abandoning module NetworkReplayStreaming (256)
[2021.05.29-21.04.48:973][578]LogModuleManager: Shutting down and abandoning module PacketHandler (254)
[2021.05.29-21.04.48:973][578]LogModuleManager: Shutting down and abandoning module ClothingSystemEditor (252)
[2021.05.29-21.04.48:973][578]LogModuleManager: Shutting down and abandoning module ClothingSystemRuntimeNv (250)
[2021.05.29-21.04.48:973][578]LogModuleManager: Shutting down and abandoning module MediaAssets (248)
[2021.05.29-21.04.48:973][578]LogModuleManager: Shutting down and abandoning module Overlay (246)
[2021.05.29-21.04.48:973][578]LogModuleManager: Shutting down and abandoning module OverlayEditor (245)
[2021.05.29-21.04.48:973][578]LogModuleManager: Shutting down and abandoning module VREditor (242)
[2021.05.29-21.04.48:973][578]LogModuleManager: Shutting down and abandoning module StringTableEditor (240)
[2021.05.29-21.04.48:973][578]LogModuleManager: Shutting down and abandoning module GameplayTasksEditor (238)
[2021.05.29-21.04.48:973][578]LogModuleManager: Shutting down and abandoning module BehaviorTreeEditor (236)
[2021.05.29-21.04.48:973][578]LogModuleManager: Shutting down and abandoning module FunctionalTesting (234)
[2021.05.29-21.04.48:973][578]LogModuleManager: Shutting down and abandoning module CollisionAnalyzer (232)
[2021.05.29-21.04.48:973][578]LogModuleManager: Shutting down and abandoning module UMG (230)
[2021.05.29-21.04.48:973][578]LogModuleManager: Shutting down and abandoning module UMGEditor (229)
[2021.05.29-21.04.48:973][578]LogModuleManager: Shutting down and abandoning module Sequencer (228)
[2021.05.29-21.04.48:973][578]LogModuleManager: Shutting down and abandoning module MessageLog (225)
[2021.05.29-21.04.48:973][578]LogModuleManager: Shutting down and abandoning module MaterialEditor (223)
[2021.05.29-21.04.48:973][578]LogModuleManager: Shutting down and abandoning module ContentBrowser (222)
[2021.05.29-21.04.48:973][578]LogModuleManager: Shutting down and abandoning module WorkspaceMenuStructure (221)
[2021.05.29-21.04.48:973][578]LogModuleManager: Shutting down and abandoning module CollectionManager (219)
[2021.05.29-21.04.48:974][578]LogModuleManager: Shutting down and abandoning module DirectoryWatcher (218)
[2021.05.29-21.04.48:974][578]LogModuleManager: Shutting down and abandoning module SlateReflector (210)
[2021.05.29-21.04.48:974][578]LogModuleManager: Shutting down and abandoning module Slate (208)
[2021.05.29-21.04.48:974][578]LogModuleManager: Shutting down and abandoning module SlateCore (206)
[2021.05.29-21.04.48:974][578]LogModuleManager: Shutting down and abandoning module LandscapeEditorUtilities (204)
[2021.05.29-21.04.48:974][578]LogModuleManager: Shutting down and abandoning module EditorStyle (202)
[2021.05.29-21.04.48:974][578]LogModuleManager: Shutting down and abandoning module UnrealEd (200)
[2021.05.29-21.04.48:974][578]LogModuleManager: Shutting down and abandoning module MRMesh (198)
[2021.05.29-21.04.48:974][578]LogModuleManager: Shutting down and abandoning module Messaging (196)
[2021.05.29-21.04.48:974][578]LogModuleManager: Shutting down and abandoning module SourceCodeAccess (194)
[2021.05.29-21.04.48:974][578]LogModuleManager: Shutting down and abandoning module HeadMountedDisplay (192)
[2021.05.29-21.04.48:974][578]LogModuleManager: Shutting down and abandoning module XAudio2 (190)
[2021.05.29-21.04.48:974][578]LogModuleManager: Shutting down and abandoning module Networking (188)
[2021.05.29-21.04.48:974][578]LogModuleManager: Shutting down and abandoning module Core (186)
[2021.05.29-21.04.48:974][578]LogModuleManager: Shutting down and abandoning module MovieSceneTools (184)
[2021.05.29-21.04.48:974][578]LogModuleManager: Shutting down and abandoning module KismetCompiler (182)
[2021.05.29-21.04.48:974][578]LogModuleManager: Shutting down and abandoning module MeshBuilder (180)
[2021.05.29-21.04.48:974][578]LogModuleManager: Shutting down and abandoning module MeshUtilities (178)
[2021.05.29-21.04.48:974][578]LogModuleManager: Shutting down and abandoning module MeshMergeUtilities (177)
[2021.05.29-21.04.48:974][578]LogModuleManager: Shutting down and abandoning module MeshReductionInterface (176)
[2021.05.29-21.04.48:974][578]LogModuleManager: Shutting down and abandoning module MeshBoneReduction (175)
[2021.05.29-21.04.48:974][578]LogModuleManager: Shutting down and abandoning module SkeletalMeshReduction (173)
[2021.05.29-21.04.48:974][578]LogModuleManager: Shutting down and abandoning module ProxyLODMeshReduction (171)
[2021.05.29-21.04.48:974][578]LogModuleManager: Shutting down and abandoning module QuadricMeshReduction (169)
[2021.05.29-21.04.48:974][578]LogModuleManager: Shutting down and abandoning module MaterialBaking (165)
[2021.05.29-21.04.48:974][578]LogModuleManager: Shutting down and abandoning module NullInstallBundleManager (160)
[2021.05.29-21.04.48:974][578]LogModuleManager: Shutting down and abandoning module PIEPreviewDeviceProfileSelector (158)
[2021.05.29-21.04.48:974][578]LogModuleManager: Shutting down and abandoning module DerivedDataCache (156)
[2021.05.29-21.04.48:974][578]LogModuleManager: Shutting down and abandoning module XGEController (154)
[2021.05.29-21.04.48:974][578]LogModuleManager: Shutting down and abandoning module TargetPlatform (152)
[2021.05.29-21.04.48:974][578]LogModuleManager: Shutting down and abandoning module VulkanShaderFormat (151)
[2021.05.29-21.04.48:975][578]LogModuleManager: Shutting down and abandoning module ShaderFormatVectorVM (149)
[2021.05.29-21.04.48:975][578]LogModuleManager: Shutting down and abandoning module ShaderFormatOpenGL (147)
[2021.05.29-21.04.48:975][578]LogModuleManager: Shutting down and abandoning module ShaderFormatD3D (145)
[2021.05.29-21.04.48:975][578]LogModuleManager: Shutting down and abandoning module MetalShaderFormat (143)
[2021.05.29-21.04.48:975][578]LogModuleManager: Shutting down and abandoning module TextureFormatUncompressed (141)
[2021.05.29-21.04.48:975][578]LogModuleManager: Shutting down and abandoning module TextureFormatPVR (139)
[2021.05.29-21.04.48:975][578]LogModuleManager: Shutting down and abandoning module TextureFormatDXT (137)
[2021.05.29-21.04.48:975][578]LogModuleManager: Shutting down and abandoning module TextureFormatIntelISPCTexComp (135)
[2021.05.29-21.04.48:975][578]LogModuleManager: Shutting down and abandoning module TextureFormatASTC (133)
[2021.05.29-21.04.48:975][578]LogModuleManager: Shutting down and abandoning module ImageWrapper (132)
[2021.05.29-21.04.48:975][578]LogModuleManager: Shutting down and abandoning module TextureFormatAndroid (129)
[2021.05.29-21.04.48:975][578]LogModuleManager: Shutting down and abandoning module AudioFormatOpus (127)
[2021.05.29-21.04.48:975][578]LogModuleManager: Shutting down and abandoning module AudioFormatOgg (125)
[2021.05.29-21.04.48:975][578]LogModuleManager: Shutting down and abandoning module AudioFormatADPCM (123)
[2021.05.29-21.04.48:975][578]LogModuleManager: Shutting down and abandoning module WindowsServerTargetPlatform (121)
[2021.05.29-21.04.48:975][578]LogModuleManager: Shutting down and abandoning module WindowsClientTargetPlatform (119)
[2021.05.29-21.04.48:975][578]LogModuleManager: Shutting down and abandoning module WindowsTargetPlatform (117)
[2021.05.29-21.04.48:975][578]LogModuleManager: Shutting down and abandoning module WindowsNoEditorTargetPlatform (115)
[2021.05.29-21.04.48:975][578]LogModuleManager: Shutting down and abandoning module InputCore (112)
[2021.05.29-21.04.48:975][578]LogModuleManager: Shutting down and abandoning module Settings (110)
[2021.05.29-21.04.48:975][578]LogModuleManager: Shutting down and abandoning module PhysXCooking (108)
[2021.05.29-21.04.48:975][578]LogModuleManager: Shutting down and abandoning module ChaosSolvers (106)
[2021.05.29-21.04.48:975][578]LogModuleManager: Shutting down and abandoning module FieldSystemEngine (105)
[2021.05.29-21.04.48:975][578]LogModuleManager: Shutting down and abandoning module Chaos (102)
[2021.05.29-21.04.48:975][578]LogModuleManager: Shutting down and abandoning module WindowsPlatformFeatures (100)
[2021.05.29-21.04.48:975][578]LogModuleManager: Shutting down and abandoning module GameplayMediaEncoder (99)
[2021.05.29-21.04.48:975][578]LogModuleManager: Shutting down and abandoning module AVEncoder (98)
[2021.05.29-21.04.48:975][578]LogModuleManager: Shutting down and abandoning module SteamVRInputDevice (94)
[2021.05.29-21.04.48:975][578]LogModuleManager: Shutting down and abandoning module SteamVRInput (92)
[2021.05.29-21.04.48:975][578]LogModuleManager: Shutting down and abandoning module SteamVR (90)
[2021.05.29-21.04.48:975][578]LogHMD: Freeing OpenVRDLLHandle.
[2021.05.29-21.04.48:975][578]LogModuleManager: Shutting down and abandoning module OculusHMD (88)
[2021.05.29-21.04.48:975][578]LogModuleManager: Shutting down and abandoning module ExampleDeviceProfileSelector (86)
[2021.05.29-21.04.48:975][578]LogModuleManager: Shutting down and abandoning module LauncherChunkInstaller (84)
[2021.05.29-21.04.48:975][578]LogModuleManager: Shutting down and abandoning module OnlineBlueprintSupport (82)
[2021.05.29-21.04.48:975][578]LogModuleManager: Shutting down and abandoning module OnlineSubsystem (78)
[2021.05.29-21.04.48:976][578]LogModuleManager: Shutting down and abandoning module XMPP (73)
[2021.05.29-21.04.48:976][578]LogModuleManager: Shutting down and abandoning module WebSockets (72)
[2021.05.29-21.04.48:978][578]LogModuleManager: Shutting down and abandoning module HTTP (69)
[2021.05.29-21.04.49:005][578]LogModuleManager: Shutting down and abandoning module SSL (68)
[2021.05.29-21.04.49:006][578]LogModuleManager: Shutting down and abandoning module WmfMedia (64)
[2021.05.29-21.04.49:007][578]LogModuleManager: Shutting down and abandoning module Media (63)
[2021.05.29-21.04.49:007][578]LogModuleManager: Shutting down and abandoning module MagicLeap (60)
[2021.05.29-21.04.49:007][578]LogModuleManager: Shutting down and abandoning module NiagaraVertexFactories (58)
[2021.05.29-21.04.49:007][578]LogModuleManager: Shutting down and abandoning module NiagaraShader (56)
[2021.05.29-21.04.49:007][578]LogModuleManager: Shutting down and abandoning module VariantManagerContent (54)
[2021.05.29-21.04.49:007][578]LogModuleManager: Shutting down and abandoning module DatasmithContent (52)
[2021.05.29-21.04.49:007][578]LogModuleManager: Shutting down and abandoning module AISupportModule (50)
[2021.05.29-21.04.49:007][578]LogModuleManager: Shutting down and abandoning module DesktopPlatform (48)
[2021.05.29-21.04.49:008][578]LogModuleManager: Shutting down and abandoning module PythonScriptPluginPreload (46)
[2021.05.29-21.04.49:008][578]LogModuleManager: Shutting down and abandoning module PlatformCryptoOpenSSL (44)
[2021.05.29-21.04.49:008][578]LogModuleManager: Shutting down and abandoning module PlatformCryptoTypes (42)
[2021.05.29-21.04.49:008][578]LogModuleManager: Shutting down and abandoning module PlatformCrypto (40)
[2021.05.29-21.04.49:008][578]LogModuleManager: Shutting down and abandoning module AnimationModifiers (38)
[2021.05.29-21.04.49:008][578]LogModuleManager: Shutting down and abandoning module PropertyEditor (37)
[2021.05.29-21.04.49:008][578]LogModuleManager: Shutting down and abandoning module AudioEditor (34)
[2021.05.29-21.04.49:008][578]LogModuleManager: Shutting down and abandoning module TextureCompressor (32)
[2021.05.29-21.04.49:008][578]LogModuleManager: Shutting down and abandoning module RenderCore (30)
[2021.05.29-21.04.49:008][578]LogModuleManager: Shutting down and abandoning module Landscape (28)
[2021.05.29-21.04.49:008][578]LogModuleManager: Shutting down and abandoning module SlateRHIRenderer (26)
[2021.05.29-21.04.49:009][578]LogModuleManager: Shutting down and abandoning module OpenGLDrv (24)
[2021.05.29-21.04.49:009][578]LogModuleManager: Shutting down and abandoning module D3D11RHI (22)
[2021.05.29-21.04.49:009][578]LogModuleManager: Shutting down and abandoning module AnimGraphRuntime (20)
[2021.05.29-21.04.49:009][578]LogModuleManager: Shutting down and abandoning module Renderer (18)
[2021.05.29-21.04.49:009][578]LogModuleManager: Shutting down and abandoning module Engine (16)
[2021.05.29-21.04.49:009][578]LogModuleManager: Shutting down and abandoning module CoreUObject (14)
[2021.05.29-21.04.49:009][578]LogModuleManager: Shutting down and abandoning module NetworkFile (12)
[2021.05.29-21.04.49:009][578]LogModuleManager: Shutting down and abandoning module CookedIterativeFile (10)
[2021.05.29-21.04.49:009][578]LogModuleManager: Shutting down and abandoning module StreamingFile (8)
[2021.05.29-21.04.49:009][578]LogModuleManager: Shutting down and abandoning module SandboxFile (6)
[2021.05.29-21.04.49:009][578]LogModuleManager: Shutting down and abandoning module PakFile (4)
[2021.05.29-21.04.49:009][578]LogModuleManager: Shutting down and abandoning module RSA (3)
[2021.05.29-21.04.49:400][578]LogContentStreaming: Display: There are 1 unreleased StreamingManagers
[2021.05.29-21.04.49:400][578]LogD3D11RHI: Shutdown
[2021.05.29-21.04.49:400][578]LogD3D11RHI: CleanupD3DDevice
[2021.05.29-21.04.49:410][578]LogExit: Exiting.
[2021.05.29-21.04.49:414][578]Log file closed, 05/29/21 14:04:49
