Log file open, 05/28/21 13:20:01
LogInit: Display: Running engine for game: drumMachine
LogPlatformFile: Not using cached read wrapper
LogTaskGraph: Started task graph with 5 named threads and 35 total threads with 3 sets of task threads.
LogStats: Stats thread started at 0.882326
LogD3D11RHI: Loaded GFSDK_Aftermath_Lib.x64.dll
LogICUInternationalization: ICU TimeZone Detection - Raw Offset: -8:00, Platform Override: ''
LogPluginManager: Mounting plugin Paper2D
LogPluginManager: Mounting plugin AISupport
LogPluginManager: Mounting plugin LightPropagationVolume
LogPluginManager: Mounting plugin CameraShakePreviewer
LogPluginManager: Mounting plugin ActorLayerUtilities
LogPluginManager: Mounting plugin AnimationSharing
LogPluginManager: Mounting plugin CLionSourceCodeAccess
LogPluginManager: Mounting plugin CodeLiteSourceCodeAccess
LogPluginManager: Mounting plugin GitSourceControl
LogPluginManager: Mounting plugin KDevelopSourceCodeAccess
LogPluginManager: Mounting plugin NullSourceCodeAccess
LogPluginManager: Mounting plugin PerforceSourceControl
LogPluginManager: Mounting plugin PlasticSourceControl
LogPluginManager: Mounting plugin RiderSourceCodeAccess
LogPluginManager: Mounting plugin SubversionSourceControl
LogPluginManager: Mounting plugin UObjectPlugin
LogPluginManager: Mounting plugin VisualStudioCodeSourceCodeAccess
LogPluginManager: Mounting plugin VisualStudioSourceCodeAccess
LogPluginManager: Mounting plugin XCodeSourceCodeAccess
LogPluginManager: Mounting plugin AssetManagerEditor
LogPluginManager: Mounting plugin CryptoKeys
LogPluginManager: Mounting plugin CurveEditorTools
LogPluginManager: Mounting plugin DataValidation
LogPluginManager: Mounting plugin EditorScriptingUtilities
LogPluginManager: Mounting plugin FacialAnimation
LogPluginManager: Mounting plugin GameplayTagsEditor
LogPluginManager: Mounting plugin GeometryMode
LogPluginManager: Mounting plugin MacGraphicsSwitching
LogPluginManager: Mounting plugin MaterialAnalyzer
LogPluginManager: Mounting plugin MobileLauncherProfileWizard
LogPluginManager: Mounting plugin PluginBrowser
LogPluginManager: Mounting plugin SpeedTreeImporter
LogPluginManager: Mounting plugin DatasmithContent
LogPluginManager: Mounting plugin VariantManagerContent
LogPluginManager: Mounting plugin AlembicImporter
LogPluginManager: Mounting plugin AutomationUtils
LogPluginManager: Mounting plugin BackChannel
LogPluginManager: Mounting plugin ChaosCloth
LogPluginManager: Mounting plugin ChaosClothEditor
LogPluginManager: Mounting plugin ChaosEditor
LogPluginManager: Mounting plugin ChaosNiagara
LogPluginManager: Mounting plugin ChaosSolverPlugin
LogPluginManager: Mounting plugin CharacterAI
LogPluginManager: Mounting plugin GeometryCache
LogPluginManager: Mounting plugin GeometryCollectionPlugin
LogPluginManager: Mounting plugin GeometryProcessing
LogPluginManager: Mounting plugin PlanarCut
LogPluginManager: Mounting plugin PlatformCrypto
LogPluginManager: Mounting plugin ProxyLODPlugin
LogPluginManager: Mounting plugin PythonScriptPlugin
LogPluginManager: Mounting plugin SkeletalReduction
LogPluginManager: Mounting plugin Niagara
LogPluginManager: Mounting plugin MagicLeap
LogPluginManager: Mounting plugin MagicLeapLightEstimation
LogPluginManager: Mounting plugin MagicLeapMedia
LogPluginManager: Mounting plugin MagicLeapPassableWorld
LogPluginManager: Mounting plugin MLSDK
LogPluginManager: Mounting plugin AndroidMedia
LogPluginManager: Mounting plugin AvfMedia
LogPluginManager: Mounting plugin ImgMedia
LogPluginManager: Mounting plugin MediaCompositing
LogPluginManager: Mounting plugin MediaPlayerEditor
LogPluginManager: Mounting plugin WebMMedia
LogPluginManager: Mounting plugin WmfMedia
LogPluginManager: Mounting plugin MegascansPlugin
LogPluginManager: Mounting plugin MeshPainting
LogPluginManager: Mounting plugin TcpMessaging
LogPluginManager: Mounting plugin UdpMessaging
LogPluginManager: Mounting plugin ActorSequence
LogPluginManager: Mounting plugin LevelSequenceEditor
LogPluginManager: Mounting plugin MatineeToLevelSequence
LogPluginManager: Mounting plugin MovieRenderPipeline
LogPluginManager: Mounting plugin TemplateSequence
LogPluginManager: Mounting plugin NetcodeUnitTest
LogPluginManager: Mounting plugin NUTUnrealEngine4
LogPluginManager: Mounting plugin OnlineSubsystemGooglePlay
LogPluginManager: Mounting plugin OnlineSubsystemIOS
LogPluginManager: Mounting plugin OnlineSubsystem
LogPluginManager: Mounting plugin OnlineSubsystemNull
LogPluginManager: Mounting plugin OnlineSubsystemUtils
LogPluginManager: Mounting plugin LauncherChunkInstaller
LogPluginManager: Mounting plugin AndroidDeviceProfileSelector
LogPluginManager: Mounting plugin AndroidMoviePlayer
LogPluginManager: Mounting plugin AndroidPermission
LogPluginManager: Mounting plugin AppleImageUtils
LogPluginManager: Mounting plugin AppleMoviePlayer
LogPluginManager: Mounting plugin ArchVisCharacter
LogPluginManager: Mounting plugin AssetTags
LogPluginManager: Mounting plugin AudioCapture
LogPluginManager: Mounting plugin AudioModulation
LogPluginManager: Mounting plugin AudioSynesthesia
LogPluginManager: Mounting plugin CableComponent
LogPluginManager: Mounting plugin CustomMeshComponent
LogPluginManager: Mounting plugin DatabaseSupport
LogPluginManager: Mounting plugin SQLiteCore
LogPluginManager: Mounting plugin SQLiteSupport
LogPluginManager: Mounting plugin EditableMesh
LogPluginManager: Mounting plugin ExampleDeviceProfileSelector
LogPluginManager: Mounting plugin GoogleCloudMessaging
LogPluginManager: Mounting plugin GooglePAD
LogPluginManager: Mounting plugin IOSDeviceProfileSelector
LogPluginManager: Mounting plugin LinuxDeviceProfileSelector
LogPluginManager: Mounting plugin LocationServicesBPLibrary
LogPluginManager: Mounting plugin MobilePatchingUtils
LogPluginManager: Mounting plugin OculusVR
LogPluginManager: Mounting plugin PhysXVehicles
LogPluginManager: Mounting plugin PostSplashScreen
LogPluginManager: Mounting plugin ProceduralMeshComponent
LogPluginManager: Mounting plugin RuntimePhysXCooking
LogPluginManager: Mounting plugin SignificanceManager
LogPluginManager: Mounting plugin SoundFields
LogPluginManager: Mounting plugin SoundVisualizations
LogPluginManager: Mounting plugin SteamVR
LogPluginManager: Mounting plugin Synthesis
LogPluginManager: Mounting plugin WebMMoviePlayer
LogPluginManager: Mounting plugin WindowsMoviePlayer
LogPluginManager: Mounting plugin ScreenshotTools
LogInit: Using libcurl 7.55.1-DEV
LogInit:  - built for x86_64-pc-win32
LogInit:  - supports SSL with OpenSSL/1.1.1
LogInit:  - supports HTTP deflate (compression) using libz 1.2.8
LogInit:  - other features:
LogInit:      CURL_VERSION_SSL
LogInit:      CURL_VERSION_LIBZ
LogInit:      CURL_VERSION_IPV6
LogInit:      CURL_VERSION_ASYNCHDNS
LogInit:      CURL_VERSION_LARGEFILE
LogInit:      CURL_VERSION_IDN
LogInit:  CurlRequestOptions (configurable via config and command line):
LogInit:  - bVerifyPeer = true  - Libcurl will verify peer certificate
LogInit:  - bUseHttpProxy = false  - Libcurl will NOT use HTTP proxy
LogInit:  - bDontReuseConnections = false  - Libcurl will reuse connections
LogInit:  - MaxHostConnections = 16  - Libcurl will limit the number of connections to a host
LogInit:  - LocalHostAddr = Default
LogInit:  - BufferSize = 65536
LogOnline: OSS: Creating online subsystem instance for: NULL
LogInit: WinSock: version 1.1 (2.2), MaxSocks=32767, MaxUdp=65467
LogOnline: OSS: TryLoadSubsystemAndSetDefault: Loaded subsystem for module [NULL]
LogInit: Build: ++UE4+Release-4.25-CL-13594126
LogInit: Engine Version: 4.25.1-13594126+++UE4+Release-4.25
LogInit: Compatible Engine Version: 4.25.0-13144385+++UE4+Release-4.25
LogInit: Net CL: 13144385
LogInit: OS: Windows 10 (Release 2009) (), CPU: Intel(R) Core(TM) i7-9750H CPU @ 2.60GHz, GPU: Intel(R) UHD Graphics 630
LogInit: Compiled (64-bit): Jun  2 2020 02:10:36
LogInit: Compiled with Visual C++: 19.24.28315.00
LogInit: Build Configuration: Development
LogInit: Branch Name: ++UE4+Release-4.25
LogInit: Command Line:  /Game/PuzzleBP/Maps/PuzzleExampleMap -game -PIEVIACONSOLE -Multiprocess "GameUserSettingsINI=C:/Users/nicos/OneDrive/Documents/Unreal Projects/Git_UnrealProjects/drumMachine/Saved/Config/Windows/PIEGameUserSettings0.ini" -MultiprocessSaveConfig -MultiprocessOSS -messaging -SessionName="Play in Standalone Game" -featureleveles31 -faketouches -MultiprocessSaveConfig -windowed -ResX=1280 -ResY=720
LogInit: Base Directory: C:/Program Files/Epic Games/UE_4.25/Engine/Binaries/Win64/
LogInit: Allocator: TBB
LogInit: Installed Engine Build: 1
LogDevObjectVersion: Number of dev versions registered: 26
LogDevObjectVersion:   Dev-Blueprints (B0D832E4-1F89-4F0D-ACCF-7EB736FD4AA2): 10
LogDevObjectVersion:   Dev-Build (E1C64328-A22C-4D53-A36C-8E866417BD8C): 0
LogDevObjectVersion:   Dev-Core (375EC13C-06E4-48FB-B500-84F0262A717E): 4
LogDevObjectVersion:   Dev-Editor (E4B068ED-F494-42E9-A231-DA0B2E46BB41): 38
LogDevObjectVersion:   Dev-Framework (CFFC743F-43B0-4480-9391-14DF171D2073): 37
LogDevObjectVersion:   Dev-Mobile (B02B49B5-BB20-44E9-A304-32B752E40360): 2
LogDevObjectVersion:   Dev-Networking (A4E4105C-59A1-49B5-A7C5-40C4547EDFEE): 0
LogDevObjectVersion:   Dev-Online (39C831C9-5AE6-47DC-9A44-9C173E1C8E7C): 0
LogDevObjectVersion:   Dev-Physics (78F01B33-EBEA-4F98-B9B4-84EACCB95AA2): 4
LogDevObjectVersion:   Dev-Platform (6631380F-2D4D-43E0-8009-CF276956A95A): 0
LogDevObjectVersion:   Dev-Rendering (12F88B9F-8875-4AFC-A67C-D90C383ABD29): 43
LogDevObjectVersion:   Dev-Sequencer (7B5AE74C-D270-4C10-A958-57980B212A5A): 12
LogDevObjectVersion:   Dev-VR (D7296918-1DD6-4BDD-9DE2-64A83CC13884): 3
LogDevObjectVersion:   Dev-LoadTimes (C2A15278-BFE7-4AFE-6C17-90FF531DF755): 1
LogDevObjectVersion:   Private-Geometry (6EACA3D4-40EC-4CC1-B786-8BED09428FC5): 3
LogDevObjectVersion:   Dev-AnimPhys (29E575DD-E0A3-4627-9D10-D276232CDCEA): 17
LogDevObjectVersion:   Dev-Anim (AF43A65D-7FD3-4947-9873-3E8ED9C1BB05): 7
LogDevObjectVersion:   Dev-ReflectionCapture (6B266CEC-1EC7-4B8F-A30B-E4D90942FC07): 1
LogDevObjectVersion:   Dev-Automation (0DF73D61-A23F-47EA-B727-89E90C41499A): 1
LogDevObjectVersion:   FortniteMain (601D1886-AC64-4F84-AA16-D3DE0DEAC7D6): 31
LogDevObjectVersion:   Dev-Enterprise (9DFFBCD6-494F-0158-E221-12823C92A888): 10
LogDevObjectVersion:   Dev-Niagara (F2AED0AC-9AFE-416F-8664-AA7FFA26D6FC): 1
LogDevObjectVersion:   Dev-Destruction (174F1F0B-B4C6-45A5-B13F-2EE8D0FB917D): 10
LogDevObjectVersion:   Dev-Physics-Ext (35F94A83-E258-406C-A318-09F59610247C): 37
LogDevObjectVersion:   Dev-PhysicsMaterial-Chaos (B68FC16E-8B1B-42E2-B453-215C058844FE): 1
LogDevObjectVersion:   Dev-CineCamera (B2E18506-4273-CFC2-A54E-F4BB758BBA07): 1
LogInit: Presizing for max 25165824 objects, including 0 objects not considered by GC, pre-allocating 0 bytes for permanent pool.
LogConfig: Applying CVar settings from Section [/Script/Engine.StreamingSettings] File [C:/Users/nicos/OneDrive/Documents/Unreal Projects/Git_UnrealProjects/drumMachine/Saved/Config/Windows/Engine.ini]
LogConfig: Setting CVar [[s.MinBulkDataSizeForAsyncLoading:131072]]
LogConfig: Setting CVar [[s.AsyncLoadingThreadEnabled:0]]
LogConfig: Setting CVar [[s.EventDrivenLoaderEnabled:1]]
LogConfig: Setting CVar [[s.WarnIfTimeLimitExceeded:0]]
LogConfig: Setting CVar [[s.TimeLimitExceededMultiplier:1.5]]
LogConfig: Setting CVar [[s.TimeLimitExceededMinTime:0.005]]
LogConfig: Setting CVar [[s.UseBackgroundLevelStreaming:1]]
LogConfig: Setting CVar [[s.PriorityAsyncLoadingExtraTime:15.0]]
LogConfig: Setting CVar [[s.LevelStreamingActorsUpdateTimeLimit:5.0]]
LogConfig: Setting CVar [[s.PriorityLevelStreamingActorsUpdateExtraTime:5.0]]
LogConfig: Setting CVar [[s.LevelStreamingComponentsRegistrationGranularity:10]]
LogConfig: Setting CVar [[s.UnregisterComponentsTimeLimit:1.0]]
LogConfig: Setting CVar [[s.LevelStreamingComponentsUnregistrationGranularity:5]]
LogConfig: Setting CVar [[s.FlushStreamingOnExit:1]]
LogInit: Object subsystem initialized
LogConfig: Setting CVar [[con.DebugEarlyDefault:1]]
LogConfig: Setting CVar [[r.setres:1280x720]]
[2021.05.28-20.20.01:412][  0]LogConfig: Setting CVar [[con.DebugEarlyDefault:1]]
[2021.05.28-20.20.01:412][  0]LogConfig: Setting CVar [[r.setres:1280x720]]
[2021.05.28-20.20.01:413][  0]LogConfig: Applying CVar settings from Section [/Script/Engine.RendererSettings] File [C:/Users/nicos/OneDrive/Documents/Unreal Projects/Git_UnrealProjects/drumMachine/Saved/Config/Windows/Engine.ini]
[2021.05.28-20.20.01:413][  0]LogConfig: Setting CVar [[r.GPUCrashDebugging:0]]
[2021.05.28-20.20.01:413][  0]LogConfig: Applying CVar settings from Section [/Script/Engine.RendererOverrideSettings] File [C:/Users/nicos/OneDrive/Documents/Unreal Projects/Git_UnrealProjects/drumMachine/Saved/Config/Windows/Engine.ini]
[2021.05.28-20.20.01:413][  0]LogConfig: Applying CVar settings from Section [/Script/Engine.StreamingSettings] File [C:/Users/nicos/OneDrive/Documents/Unreal Projects/Git_UnrealProjects/drumMachine/Saved/Config/Windows/Engine.ini]
[2021.05.28-20.20.01:413][  0]LogConfig: Setting CVar [[s.MinBulkDataSizeForAsyncLoading:131072]]
[2021.05.28-20.20.01:413][  0]LogConfig: Setting CVar [[s.AsyncLoadingThreadEnabled:0]]
[2021.05.28-20.20.01:413][  0]LogConfig: Setting CVar [[s.EventDrivenLoaderEnabled:1]]
[2021.05.28-20.20.01:413][  0]LogConfig: Setting CVar [[s.WarnIfTimeLimitExceeded:0]]
[2021.05.28-20.20.01:413][  0]LogConfig: Setting CVar [[s.TimeLimitExceededMultiplier:1.5]]
[2021.05.28-20.20.01:413][  0]LogConfig: Setting CVar [[s.TimeLimitExceededMinTime:0.005]]
[2021.05.28-20.20.01:413][  0]LogConfig: Setting CVar [[s.UseBackgroundLevelStreaming:1]]
[2021.05.28-20.20.01:413][  0]LogConfig: Setting CVar [[s.PriorityAsyncLoadingExtraTime:15.0]]
[2021.05.28-20.20.01:413][  0]LogConfig: Setting CVar [[s.LevelStreamingActorsUpdateTimeLimit:5.0]]
[2021.05.28-20.20.01:413][  0]LogConfig: Setting CVar [[s.PriorityLevelStreamingActorsUpdateExtraTime:5.0]]
[2021.05.28-20.20.01:413][  0]LogConfig: Setting CVar [[s.LevelStreamingComponentsRegistrationGranularity:10]]
[2021.05.28-20.20.01:413][  0]LogConfig: Setting CVar [[s.UnregisterComponentsTimeLimit:1.0]]
[2021.05.28-20.20.01:413][  0]LogConfig: Setting CVar [[s.LevelStreamingComponentsUnregistrationGranularity:5]]
[2021.05.28-20.20.01:413][  0]LogConfig: Setting CVar [[s.FlushStreamingOnExit:1]]
[2021.05.28-20.20.01:413][  0]LogConfig: Applying CVar settings from Section [/Script/Engine.GarbageCollectionSettings] File [C:/Users/nicos/OneDrive/Documents/Unreal Projects/Git_UnrealProjects/drumMachine/Saved/Config/Windows/Engine.ini]
[2021.05.28-20.20.01:413][  0]LogConfig: Setting CVar [[gc.MaxObjectsNotConsideredByGC:1]]
[2021.05.28-20.20.01:413][  0]LogConfig: Setting CVar [[gc.SizeOfPermanentObjectPool:0]]
[2021.05.28-20.20.01:413][  0]LogConfig: Setting CVar [[gc.FlushStreamingOnGC:0]]
[2021.05.28-20.20.01:413][  0]LogConfig: Setting CVar [[gc.NumRetriesBeforeForcingGC:10]]
[2021.05.28-20.20.01:413][  0]LogConfig: Setting CVar [[gc.AllowParallelGC:1]]
[2021.05.28-20.20.01:413][  0]LogConfig: Setting CVar [[gc.TimeBetweenPurgingPendingKillObjects:61.1]]
[2021.05.28-20.20.01:413][  0]LogConfig: Setting CVar [[gc.MaxObjectsInEditor:25165824]]
[2021.05.28-20.20.01:413][  0]LogConfig: Setting CVar [[gc.IncrementalBeginDestroyEnabled:1]]
[2021.05.28-20.20.01:413][  0]LogConfig: Setting CVar [[gc.CreateGCClusters:1]]
[2021.05.28-20.20.01:413][  0]LogConfig: Setting CVar [[gc.MinGCClusterSize:5]]
[2021.05.28-20.20.01:413][  0]LogConfig: Setting CVar [[gc.ActorClusteringEnabled:0]]
[2021.05.28-20.20.01:413][  0]LogConfig: Setting CVar [[gc.BlueprintClusteringEnabled:0]]
[2021.05.28-20.20.01:413][  0]LogConfig: Setting CVar [[gc.UseDisregardForGCOnDedicatedServers:0]]
[2021.05.28-20.20.01:413][  0]LogConfig: Applying CVar settings from Section [/Script/Engine.NetworkSettings] File [C:/Users/nicos/OneDrive/Documents/Unreal Projects/Git_UnrealProjects/drumMachine/Saved/Config/Windows/Engine.ini]
[2021.05.28-20.20.01:413][  0]LogConfig: Applying CVar settings from Section [/Script/UnrealEd.CookerSettings] File [C:/Users/nicos/OneDrive/Documents/Unreal Projects/Git_UnrealProjects/drumMachine/Saved/Config/Windows/Engine.ini]
[2021.05.28-20.20.01:415][  0]LogConfig: Applying CVar settings from Section [ViewDistanceQuality@3] File [C:/Users/nicos/OneDrive/Documents/Unreal Projects/Git_UnrealProjects/drumMachine/Saved/Config/Windows/Scalability.ini]
[2021.05.28-20.20.01:415][  0]LogConfig: Setting CVar [[r.SkeletalMeshLODBias:0]]
[2021.05.28-20.20.01:415][  0]LogConfig: Setting CVar [[r.ViewDistanceScale:1.0]]
[2021.05.28-20.20.01:415][  0]LogConfig: Applying CVar settings from Section [AntiAliasingQuality@3] File [C:/Users/nicos/OneDrive/Documents/Unreal Projects/Git_UnrealProjects/drumMachine/Saved/Config/Windows/Scalability.ini]
[2021.05.28-20.20.01:415][  0]LogConfig: Setting CVar [[r.PostProcessAAQuality:4]]
[2021.05.28-20.20.01:415][  0]LogConfig: Applying CVar settings from Section [ShadowQuality@3] File [C:/Users/nicos/OneDrive/Documents/Unreal Projects/Git_UnrealProjects/drumMachine/Saved/Config/Windows/Scalability.ini]
[2021.05.28-20.20.01:415][  0]LogConfig: Setting CVar [[r.LightFunctionQuality:1]]
[2021.05.28-20.20.01:415][  0]LogConfig: Setting CVar [[r.ShadowQuality:5]]
[2021.05.28-20.20.01:415][  0]LogConfig: Setting CVar [[r.Shadow.CSM.MaxCascades:10]]
[2021.05.28-20.20.01:416][  0]LogConfig: Setting CVar [[r.Shadow.MaxResolution:2048]]
[2021.05.28-20.20.01:416][  0]LogConfig: Setting CVar [[r.Shadow.MaxCSMResolution:2048]]
[2021.05.28-20.20.01:416][  0]LogConfig: Setting CVar [[r.Shadow.RadiusThreshold:0.01]]
[2021.05.28-20.20.01:416][  0]LogConfig: Setting CVar [[r.Shadow.DistanceScale:1.0]]
[2021.05.28-20.20.01:416][  0]LogConfig: Setting CVar [[r.Shadow.CSM.TransitionScale:1.0]]
[2021.05.28-20.20.01:416][  0]LogConfig: Setting CVar [[r.Shadow.PreShadowResolutionFactor:1.0]]
[2021.05.28-20.20.01:416][  0]LogConfig: Setting CVar [[r.DistanceFieldShadowing:1]]
[2021.05.28-20.20.01:416][  0]LogConfig: Setting CVar [[r.DistanceFieldAO:1]]
[2021.05.28-20.20.01:416][  0]LogConfig: Setting CVar [[r.AOQuality:2]]
[2021.05.28-20.20.01:416][  0]LogConfig: Setting CVar [[r.VolumetricFog:1]]
[2021.05.28-20.20.01:416][  0]LogConfig: Setting CVar [[r.VolumetricFog.GridPixelSize:8]]
[2021.05.28-20.20.01:416][  0]LogConfig: Setting CVar [[r.VolumetricFog.GridSizeZ:128]]
[2021.05.28-20.20.01:416][  0]LogConfig: Setting CVar [[r.VolumetricFog.HistoryMissSupersampleCount:4]]
[2021.05.28-20.20.01:416][  0]LogConfig: Setting CVar [[r.LightMaxDrawDistanceScale:1]]
[2021.05.28-20.20.01:416][  0]LogConfig: Setting CVar [[r.CapsuleShadows:1]]
[2021.05.28-20.20.01:416][  0]LogConfig: Applying CVar settings from Section [PostProcessQuality@3] File [C:/Users/nicos/OneDrive/Documents/Unreal Projects/Git_UnrealProjects/drumMachine/Saved/Config/Windows/Scalability.ini]
[2021.05.28-20.20.01:416][  0]LogConfig: Setting CVar [[r.MotionBlurQuality:4]]
[2021.05.28-20.20.01:416][  0]LogConfig: Setting CVar [[r.AmbientOcclusionMipLevelFactor:0.4]]
[2021.05.28-20.20.01:416][  0]LogConfig: Setting CVar [[r.AmbientOcclusionMaxQuality:100]]
[2021.05.28-20.20.01:416][  0]LogConfig: Setting CVar [[r.AmbientOcclusionLevels:-1]]
[2021.05.28-20.20.01:416][  0]LogConfig: Setting CVar [[r.AmbientOcclusionRadiusScale:1.0]]
[2021.05.28-20.20.01:416][  0]LogConfig: Setting CVar [[r.DepthOfFieldQuality:2]]
[2021.05.28-20.20.01:416][  0]LogConfig: Setting CVar [[r.RenderTargetPoolMin:400]]
[2021.05.28-20.20.01:416][  0]LogConfig: Setting CVar [[r.LensFlareQuality:2]]
[2021.05.28-20.20.01:416][  0]LogConfig: Setting CVar [[r.SceneColorFringeQuality:1]]
[2021.05.28-20.20.01:416][  0]LogConfig: Setting CVar [[r.EyeAdaptationQuality:2]]
[2021.05.28-20.20.01:416][  0]LogConfig: Setting CVar [[r.BloomQuality:5]]
[2021.05.28-20.20.01:416][  0]LogConfig: Setting CVar [[r.FastBlurThreshold:100]]
[2021.05.28-20.20.01:416][  0]LogConfig: Setting CVar [[r.Upscale.Quality:3]]
[2021.05.28-20.20.01:416][  0]LogConfig: Setting CVar [[r.Tonemapper.GrainQuantization:1]]
[2021.05.28-20.20.01:416][  0]LogConfig: Setting CVar [[r.LightShaftQuality:1]]
[2021.05.28-20.20.01:416][  0]LogConfig: Setting CVar [[r.Filter.SizeScale:1]]
[2021.05.28-20.20.01:416][  0]LogConfig: Setting CVar [[r.Tonemapper.Quality:5]]
[2021.05.28-20.20.01:416][  0]LogConfig: Setting CVar [[r.DOF.Gather.AccumulatorQuality:1        ; higher gathering accumulator quality]]
[2021.05.28-20.20.01:416][  0]LogConfig: Setting CVar [[r.DOF.Gather.PostfilterMethod:1          ; Median3x3 postfilering method]]
[2021.05.28-20.20.01:416][  0]LogConfig: Setting CVar [[r.DOF.Gather.EnableBokehSettings:0       ; no bokeh simulation when gathering]]
[2021.05.28-20.20.01:416][  0]LogConfig: Setting CVar [[r.DOF.Gather.RingCount:4                 ; medium number of samples when gathering]]
[2021.05.28-20.20.01:416][  0]LogConfig: Setting CVar [[r.DOF.Scatter.ForegroundCompositing:1    ; additive foreground scattering]]
[2021.05.28-20.20.01:416][  0]LogConfig: Setting CVar [[r.DOF.Scatter.BackgroundCompositing:2    ; additive background scattering]]
[2021.05.28-20.20.01:416][  0]LogConfig: Setting CVar [[r.DOF.Scatter.EnableBokehSettings:1      ; bokeh simulation when scattering]]
[2021.05.28-20.20.01:416][  0]LogConfig: Setting CVar [[r.DOF.Scatter.MaxSpriteRatio:0.1         ; only a maximum of 10% of scattered bokeh]]
[2021.05.28-20.20.01:416][  0]LogConfig: Setting CVar [[r.DOF.Recombine.Quality:1                ; cheap slight out of focus]]
[2021.05.28-20.20.01:416][  0]LogConfig: Setting CVar [[r.DOF.Recombine.EnableBokehSettings:0    ; no bokeh simulation on slight out of focus]]
[2021.05.28-20.20.01:416][  0]LogConfig: Setting CVar [[r.DOF.TemporalAAQuality:1                ; more stable temporal accumulation]]
[2021.05.28-20.20.01:416][  0]LogConfig: Setting CVar [[r.DOF.Kernel.MaxForegroundRadius:0.025]]
[2021.05.28-20.20.01:416][  0]LogConfig: Setting CVar [[r.DOF.Kernel.MaxBackgroundRadius:0.025]]
[2021.05.28-20.20.01:416][  0]LogConfig: Applying CVar settings from Section [TextureQuality@3] File [C:/Users/nicos/OneDrive/Documents/Unreal Projects/Git_UnrealProjects/drumMachine/Saved/Config/Windows/Scalability.ini]
[2021.05.28-20.20.01:416][  0]LogConfig: Setting CVar [[r.Streaming.MipBias:0]]
[2021.05.28-20.20.01:416][  0]LogConfig: Setting CVar [[r.Streaming.AmortizeCPUToGPUCopy:0]]
[2021.05.28-20.20.01:416][  0]LogConfig: Setting CVar [[r.Streaming.MaxNumTexturesToStreamPerFrame:0]]
[2021.05.28-20.20.01:416][  0]LogConfig: Setting CVar [[r.Streaming.Boost:1]]
[2021.05.28-20.20.01:416][  0]LogConfig: Setting CVar [[r.MaxAnisotropy:8]]
[2021.05.28-20.20.01:416][  0]LogConfig: Setting CVar [[r.VT.MaxAnisotropy:8]]
[2021.05.28-20.20.01:416][  0]LogConfig: Setting CVar [[r.Streaming.LimitPoolSizeToVRAM:0]]
[2021.05.28-20.20.01:416][  0]LogConfig: Setting CVar [[r.Streaming.PoolSize:1000]]
[2021.05.28-20.20.01:416][  0]LogConfig: Setting CVar [[r.Streaming.MaxEffectiveScreenSize:0]]
[2021.05.28-20.20.01:416][  0]LogConfig: Applying CVar settings from Section [EffectsQuality@3] File [C:/Users/nicos/OneDrive/Documents/Unreal Projects/Git_UnrealProjects/drumMachine/Saved/Config/Windows/Scalability.ini]
[2021.05.28-20.20.01:416][  0]LogConfig: Setting CVar [[r.TranslucencyLightingVolumeDim:64]]
[2021.05.28-20.20.01:416][  0]LogConfig: Setting CVar [[r.RefractionQuality:2]]
[2021.05.28-20.20.01:416][  0]LogConfig: Setting CVar [[r.SSR.Quality:3]]
[2021.05.28-20.20.01:416][  0]LogConfig: Setting CVar [[r.SSR.HalfResSceneColor:0]]
[2021.05.28-20.20.01:416][  0]LogConfig: Setting CVar [[r.SceneColorFormat:4]]
[2021.05.28-20.20.01:416][  0]LogConfig: Setting CVar [[r.DetailMode:2]]
[2021.05.28-20.20.01:416][  0]LogConfig: Setting CVar [[r.TranslucencyVolumeBlur:1]]
[2021.05.28-20.20.01:416][  0]LogConfig: Setting CVar [[r.MaterialQualityLevel:1 ; High quality]]
[2021.05.28-20.20.01:416][  0]LogConfig: Setting CVar [[r.SSS.Scale:1]]
[2021.05.28-20.20.01:416][  0]LogConfig: Setting CVar [[r.SSS.SampleSet:2]]
[2021.05.28-20.20.01:416][  0]LogConfig: Setting CVar [[r.SSS.Quality:1]]
[2021.05.28-20.20.01:416][  0]LogConfig: Setting CVar [[r.SSS.HalfRes:0]]
[2021.05.28-20.20.01:416][  0]LogConfig: Setting CVar [[r.SSGI.Quality:3]]
[2021.05.28-20.20.01:416][  0]LogConfig: Setting CVar [[r.EmitterSpawnRateScale:1.0]]
[2021.05.28-20.20.01:416][  0]LogConfig: Setting CVar [[r.ParticleLightQuality:2]]
[2021.05.28-20.20.01:416][  0]LogConfig: Setting CVar [[r.SkyAtmosphere.AerialPerspectiveLUT.FastApplyOnOpaque:1 ; Always have FastSkyLUT 1 in this case to avoid wrong sky]]
[2021.05.28-20.20.01:416][  0]LogConfig: Setting CVar [[r.SkyAtmosphere.AerialPerspectiveLUT.SampleCountPerSlice:1]]
[2021.05.28-20.20.01:416][  0]LogConfig: Setting CVar [[r.SkyAtmosphere.AerialPerspectiveLUT.DepthResolution:16.0]]
[2021.05.28-20.20.01:416][  0]LogConfig: Setting CVar [[r.SkyAtmosphere.FastSkyLUT:1]]
[2021.05.28-20.20.01:416][  0]LogConfig: Setting CVar [[r.SkyAtmosphere.FastSkyLUT.SampleCountMin:4.0]]
[2021.05.28-20.20.01:416][  0]LogConfig: Setting CVar [[r.SkyAtmosphere.FastSkyLUT.SampleCountMax:32.0]]
[2021.05.28-20.20.01:416][  0]LogConfig: Setting CVar [[r.SkyAtmosphere.SampleCountMin:4.0]]
[2021.05.28-20.20.01:417][  0]LogConfig: Setting CVar [[r.SkyAtmosphere.SampleCountMax:32.0]]
[2021.05.28-20.20.01:417][  0]LogConfig: Setting CVar [[r.SkyAtmosphere.TransmittanceLUT.UseSmallFormat:0]]
[2021.05.28-20.20.01:417][  0]LogConfig: Setting CVar [[r.SkyAtmosphere.TransmittanceLUT.SampleCount:10.0]]
[2021.05.28-20.20.01:417][  0]LogConfig: Setting CVar [[r.SkyAtmosphere.MultiScatteringLUT.SampleCount:15.0]]
[2021.05.28-20.20.01:417][  0]LogConfig: Applying CVar settings from Section [FoliageQuality@3] File [C:/Users/nicos/OneDrive/Documents/Unreal Projects/Git_UnrealProjects/drumMachine/Saved/Config/Windows/Scalability.ini]
[2021.05.28-20.20.01:417][  0]LogConfig: Setting CVar [[foliage.DensityScale:1.0]]
[2021.05.28-20.20.01:417][  0]LogConfig: Setting CVar [[grass.DensityScale:1.0]]
[2021.05.28-20.20.01:417][  0]LogConfig: Applying CVar settings from Section [ShadingQuality@3] File [C:/Users/nicos/OneDrive/Documents/Unreal Projects/Git_UnrealProjects/drumMachine/Saved/Config/Windows/Scalability.ini]
[2021.05.28-20.20.01:417][  0]LogConfig: Setting CVar [[r.HairStrands.SkyLighting.SampleCount:16]]
[2021.05.28-20.20.01:417][  0]LogConfig: Setting CVar [[r.HairStrands.SkyLighting.JitterIntegration:0]]
[2021.05.28-20.20.01:417][  0]LogConfig: Setting CVar [[r.HairStrands.SkyAO.SampleCount:16]]
[2021.05.28-20.20.01:417][  0]LogConfig: Setting CVar [[r.HairStrands.DeepShadow.SuperSampling:0]]
[2021.05.28-20.20.01:417][  0]LogConfig: Setting CVar [[r.HairStrands.VisibilityPPLL:0]]
[2021.05.28-20.20.01:417][  0]LogConfig: Setting CVar [[r.HairStrands.RasterizationScale:0.5]]
[2021.05.28-20.20.01:417][  0]LogConfig: Setting CVar [[r.HairStrands.VelocityRasterizationScale:1]]
[2021.05.28-20.20.01:417][  0]LogInit: Selected Device Profile: [Windows]
[2021.05.28-20.20.01:417][  0]LogInit: Applying CVar settings loaded from the selected device profile: [Windows]
[2021.05.28-20.20.01:417][  0]LogHAL: Display: Platform has ~ 16 GB [17072988160 / 17179869184 / 16], which maps to Larger [LargestMinGB=32, LargerMinGB=12, DefaultMinGB=8, SmallerMinGB=6, SmallestMinGB=0)
[2021.05.28-20.20.01:417][  0]LogInit: Going up to parent DeviceProfile []
[2021.05.28-20.20.01:417][  0]LogConfig: Applying CVar settings from Section [ViewDistanceQuality@3] File [C:/Users/nicos/OneDrive/Documents/Unreal Projects/Git_UnrealProjects/drumMachine/Saved/Config/Windows/Scalability.ini]
[2021.05.28-20.20.01:417][  0]LogConfig: Setting CVar [[r.SkeletalMeshLODBias:0]]
[2021.05.28-20.20.01:417][  0]LogConfig: Setting CVar [[r.ViewDistanceScale:1.0]]
[2021.05.28-20.20.01:417][  0]LogConfig: Applying CVar settings from Section [AntiAliasingQuality@3] File [C:/Users/nicos/OneDrive/Documents/Unreal Projects/Git_UnrealProjects/drumMachine/Saved/Config/Windows/Scalability.ini]
[2021.05.28-20.20.01:417][  0]LogConfig: Setting CVar [[r.PostProcessAAQuality:4]]
[2021.05.28-20.20.01:417][  0]LogConfig: Applying CVar settings from Section [ShadowQuality@3] File [C:/Users/nicos/OneDrive/Documents/Unreal Projects/Git_UnrealProjects/drumMachine/Saved/Config/Windows/Scalability.ini]
[2021.05.28-20.20.01:417][  0]LogConfig: Setting CVar [[r.LightFunctionQuality:1]]
[2021.05.28-20.20.01:417][  0]LogConfig: Setting CVar [[r.ShadowQuality:5]]
[2021.05.28-20.20.01:417][  0]LogConfig: Setting CVar [[r.Shadow.CSM.MaxCascades:10]]
[2021.05.28-20.20.01:417][  0]LogConfig: Setting CVar [[r.Shadow.MaxResolution:2048]]
[2021.05.28-20.20.01:417][  0]LogConfig: Setting CVar [[r.Shadow.MaxCSMResolution:2048]]
[2021.05.28-20.20.01:417][  0]LogConfig: Setting CVar [[r.Shadow.RadiusThreshold:0.01]]
[2021.05.28-20.20.01:417][  0]LogConfig: Setting CVar [[r.Shadow.DistanceScale:1.0]]
[2021.05.28-20.20.01:417][  0]LogConfig: Setting CVar [[r.Shadow.CSM.TransitionScale:1.0]]
[2021.05.28-20.20.01:417][  0]LogConfig: Setting CVar [[r.Shadow.PreShadowResolutionFactor:1.0]]
[2021.05.28-20.20.01:417][  0]LogConfig: Setting CVar [[r.DistanceFieldShadowing:1]]
[2021.05.28-20.20.01:417][  0]LogConfig: Setting CVar [[r.DistanceFieldAO:1]]
[2021.05.28-20.20.01:417][  0]LogConfig: Setting CVar [[r.AOQuality:2]]
[2021.05.28-20.20.01:417][  0]LogConfig: Setting CVar [[r.VolumetricFog:1]]
[2021.05.28-20.20.01:417][  0]LogConfig: Setting CVar [[r.VolumetricFog.GridPixelSize:8]]
[2021.05.28-20.20.01:417][  0]LogConfig: Setting CVar [[r.VolumetricFog.GridSizeZ:128]]
[2021.05.28-20.20.01:417][  0]LogConfig: Setting CVar [[r.VolumetricFog.HistoryMissSupersampleCount:4]]
[2021.05.28-20.20.01:417][  0]LogConfig: Setting CVar [[r.LightMaxDrawDistanceScale:1]]
[2021.05.28-20.20.01:417][  0]LogConfig: Setting CVar [[r.CapsuleShadows:1]]
[2021.05.28-20.20.01:417][  0]LogConfig: Applying CVar settings from Section [PostProcessQuality@3] File [C:/Users/nicos/OneDrive/Documents/Unreal Projects/Git_UnrealProjects/drumMachine/Saved/Config/Windows/Scalability.ini]
[2021.05.28-20.20.01:417][  0]LogConfig: Setting CVar [[r.MotionBlurQuality:4]]
[2021.05.28-20.20.01:417][  0]LogConfig: Setting CVar [[r.AmbientOcclusionMipLevelFactor:0.4]]
[2021.05.28-20.20.01:417][  0]LogConfig: Setting CVar [[r.AmbientOcclusionMaxQuality:100]]
[2021.05.28-20.20.01:417][  0]LogConfig: Setting CVar [[r.AmbientOcclusionLevels:-1]]
[2021.05.28-20.20.01:417][  0]LogConfig: Setting CVar [[r.AmbientOcclusionRadiusScale:1.0]]
[2021.05.28-20.20.01:417][  0]LogConfig: Setting CVar [[r.DepthOfFieldQuality:2]]
[2021.05.28-20.20.01:417][  0]LogConfig: Setting CVar [[r.RenderTargetPoolMin:400]]
[2021.05.28-20.20.01:417][  0]LogConfig: Setting CVar [[r.LensFlareQuality:2]]
[2021.05.28-20.20.01:417][  0]LogConfig: Setting CVar [[r.SceneColorFringeQuality:1]]
[2021.05.28-20.20.01:417][  0]LogConfig: Setting CVar [[r.EyeAdaptationQuality:2]]
[2021.05.28-20.20.01:417][  0]LogConfig: Setting CVar [[r.BloomQuality:5]]
[2021.05.28-20.20.01:417][  0]LogConfig: Setting CVar [[r.FastBlurThreshold:100]]
[2021.05.28-20.20.01:417][  0]LogConfig: Setting CVar [[r.Upscale.Quality:3]]
[2021.05.28-20.20.01:417][  0]LogConfig: Setting CVar [[r.Tonemapper.GrainQuantization:1]]
[2021.05.28-20.20.01:417][  0]LogConfig: Setting CVar [[r.LightShaftQuality:1]]
[2021.05.28-20.20.01:417][  0]LogConfig: Setting CVar [[r.Filter.SizeScale:1]]
[2021.05.28-20.20.01:417][  0]LogConfig: Setting CVar [[r.Tonemapper.Quality:5]]
[2021.05.28-20.20.01:417][  0]LogConfig: Setting CVar [[r.DOF.Gather.AccumulatorQuality:1        ; higher gathering accumulator quality]]
[2021.05.28-20.20.01:417][  0]LogConfig: Setting CVar [[r.DOF.Gather.PostfilterMethod:1          ; Median3x3 postfilering method]]
[2021.05.28-20.20.01:417][  0]LogConfig: Setting CVar [[r.DOF.Gather.EnableBokehSettings:0       ; no bokeh simulation when gathering]]
[2021.05.28-20.20.01:417][  0]LogConfig: Setting CVar [[r.DOF.Gather.RingCount:4                 ; medium number of samples when gathering]]
[2021.05.28-20.20.01:417][  0]LogConfig: Setting CVar [[r.DOF.Scatter.ForegroundCompositing:1    ; additive foreground scattering]]
[2021.05.28-20.20.01:417][  0]LogConfig: Setting CVar [[r.DOF.Scatter.BackgroundCompositing:2    ; additive background scattering]]
[2021.05.28-20.20.01:417][  0]LogConfig: Setting CVar [[r.DOF.Scatter.EnableBokehSettings:1      ; bokeh simulation when scattering]]
[2021.05.28-20.20.01:417][  0]LogConfig: Setting CVar [[r.DOF.Scatter.MaxSpriteRatio:0.1         ; only a maximum of 10% of scattered bokeh]]
[2021.05.28-20.20.01:417][  0]LogConfig: Setting CVar [[r.DOF.Recombine.Quality:1                ; cheap slight out of focus]]
[2021.05.28-20.20.01:417][  0]LogConfig: Setting CVar [[r.DOF.Recombine.EnableBokehSettings:0    ; no bokeh simulation on slight out of focus]]
[2021.05.28-20.20.01:417][  0]LogConfig: Setting CVar [[r.DOF.TemporalAAQuality:1                ; more stable temporal accumulation]]
[2021.05.28-20.20.01:417][  0]LogConfig: Setting CVar [[r.DOF.Kernel.MaxForegroundRadius:0.025]]
[2021.05.28-20.20.01:417][  0]LogConfig: Setting CVar [[r.DOF.Kernel.MaxBackgroundRadius:0.025]]
[2021.05.28-20.20.01:417][  0]LogConfig: Applying CVar settings from Section [TextureQuality@3] File [C:/Users/nicos/OneDrive/Documents/Unreal Projects/Git_UnrealProjects/drumMachine/Saved/Config/Windows/Scalability.ini]
[2021.05.28-20.20.01:417][  0]LogConfig: Setting CVar [[r.Streaming.MipBias:0]]
[2021.05.28-20.20.01:417][  0]LogConfig: Setting CVar [[r.Streaming.AmortizeCPUToGPUCopy:0]]
[2021.05.28-20.20.01:418][  0]LogConfig: Setting CVar [[r.Streaming.MaxNumTexturesToStreamPerFrame:0]]
[2021.05.28-20.20.01:418][  0]LogConfig: Setting CVar [[r.Streaming.Boost:1]]
[2021.05.28-20.20.01:418][  0]LogConfig: Setting CVar [[r.MaxAnisotropy:8]]
[2021.05.28-20.20.01:418][  0]LogConfig: Setting CVar [[r.VT.MaxAnisotropy:8]]
[2021.05.28-20.20.01:418][  0]LogConfig: Setting CVar [[r.Streaming.LimitPoolSizeToVRAM:0]]
[2021.05.28-20.20.01:418][  0]LogConfig: Setting CVar [[r.Streaming.PoolSize:1000]]
[2021.05.28-20.20.01:418][  0]LogConfig: Setting CVar [[r.Streaming.MaxEffectiveScreenSize:0]]
[2021.05.28-20.20.01:418][  0]LogConfig: Applying CVar settings from Section [EffectsQuality@3] File [C:/Users/nicos/OneDrive/Documents/Unreal Projects/Git_UnrealProjects/drumMachine/Saved/Config/Windows/Scalability.ini]
[2021.05.28-20.20.01:418][  0]LogConfig: Setting CVar [[r.TranslucencyLightingVolumeDim:64]]
[2021.05.28-20.20.01:418][  0]LogConfig: Setting CVar [[r.RefractionQuality:2]]
[2021.05.28-20.20.01:418][  0]LogConfig: Setting CVar [[r.SSR.Quality:3]]
[2021.05.28-20.20.01:418][  0]LogConfig: Setting CVar [[r.SSR.HalfResSceneColor:0]]
[2021.05.28-20.20.01:418][  0]LogConfig: Setting CVar [[r.SceneColorFormat:4]]
[2021.05.28-20.20.01:418][  0]LogConfig: Setting CVar [[r.DetailMode:2]]
[2021.05.28-20.20.01:418][  0]LogConfig: Setting CVar [[r.TranslucencyVolumeBlur:1]]
[2021.05.28-20.20.01:418][  0]LogConfig: Setting CVar [[r.MaterialQualityLevel:1 ; High quality]]
[2021.05.28-20.20.01:418][  0]LogConfig: Setting CVar [[r.SSS.Scale:1]]
[2021.05.28-20.20.01:418][  0]LogConfig: Setting CVar [[r.SSS.SampleSet:2]]
[2021.05.28-20.20.01:418][  0]LogConfig: Setting CVar [[r.SSS.Quality:1]]
[2021.05.28-20.20.01:418][  0]LogConfig: Setting CVar [[r.SSS.HalfRes:0]]
[2021.05.28-20.20.01:418][  0]LogConfig: Setting CVar [[r.SSGI.Quality:3]]
[2021.05.28-20.20.01:418][  0]LogConfig: Setting CVar [[r.EmitterSpawnRateScale:1.0]]
[2021.05.28-20.20.01:418][  0]LogConfig: Setting CVar [[r.ParticleLightQuality:2]]
[2021.05.28-20.20.01:418][  0]LogConfig: Setting CVar [[r.SkyAtmosphere.AerialPerspectiveLUT.FastApplyOnOpaque:1 ; Always have FastSkyLUT 1 in this case to avoid wrong sky]]
[2021.05.28-20.20.01:418][  0]LogConfig: Setting CVar [[r.SkyAtmosphere.AerialPerspectiveLUT.SampleCountPerSlice:1]]
[2021.05.28-20.20.01:418][  0]LogConfig: Setting CVar [[r.SkyAtmosphere.AerialPerspectiveLUT.DepthResolution:16.0]]
[2021.05.28-20.20.01:418][  0]LogConfig: Setting CVar [[r.SkyAtmosphere.FastSkyLUT:1]]
[2021.05.28-20.20.01:418][  0]LogConfig: Setting CVar [[r.SkyAtmosphere.FastSkyLUT.SampleCountMin:4.0]]
[2021.05.28-20.20.01:418][  0]LogConfig: Setting CVar [[r.SkyAtmosphere.FastSkyLUT.SampleCountMax:32.0]]
[2021.05.28-20.20.01:418][  0]LogConfig: Setting CVar [[r.SkyAtmosphere.SampleCountMin:4.0]]
[2021.05.28-20.20.01:418][  0]LogConfig: Setting CVar [[r.SkyAtmosphere.SampleCountMax:32.0]]
[2021.05.28-20.20.01:418][  0]LogConfig: Setting CVar [[r.SkyAtmosphere.TransmittanceLUT.UseSmallFormat:0]]
[2021.05.28-20.20.01:418][  0]LogConfig: Setting CVar [[r.SkyAtmosphere.TransmittanceLUT.SampleCount:10.0]]
[2021.05.28-20.20.01:418][  0]LogConfig: Setting CVar [[r.SkyAtmosphere.MultiScatteringLUT.SampleCount:15.0]]
[2021.05.28-20.20.01:418][  0]LogConfig: Applying CVar settings from Section [FoliageQuality@3] File [C:/Users/nicos/OneDrive/Documents/Unreal Projects/Git_UnrealProjects/drumMachine/Saved/Config/Windows/Scalability.ini]
[2021.05.28-20.20.01:418][  0]LogConfig: Setting CVar [[foliage.DensityScale:1.0]]
[2021.05.28-20.20.01:418][  0]LogConfig: Setting CVar [[grass.DensityScale:1.0]]
[2021.05.28-20.20.01:418][  0]LogConfig: Applying CVar settings from Section [ShadingQuality@3] File [C:/Users/nicos/OneDrive/Documents/Unreal Projects/Git_UnrealProjects/drumMachine/Saved/Config/Windows/Scalability.ini]
[2021.05.28-20.20.01:418][  0]LogConfig: Setting CVar [[r.HairStrands.SkyLighting.SampleCount:16]]
[2021.05.28-20.20.01:418][  0]LogConfig: Setting CVar [[r.HairStrands.SkyLighting.JitterIntegration:0]]
[2021.05.28-20.20.01:418][  0]LogConfig: Setting CVar [[r.HairStrands.SkyAO.SampleCount:16]]
[2021.05.28-20.20.01:418][  0]LogConfig: Setting CVar [[r.HairStrands.DeepShadow.SuperSampling:0]]
[2021.05.28-20.20.01:418][  0]LogConfig: Setting CVar [[r.HairStrands.VisibilityPPLL:0]]
[2021.05.28-20.20.01:418][  0]LogConfig: Setting CVar [[r.HairStrands.RasterizationScale:0.5]]
[2021.05.28-20.20.01:418][  0]LogConfig: Setting CVar [[r.HairStrands.VelocityRasterizationScale:1]]
[2021.05.28-20.20.01:418][  0]LogConfig: Applying CVar settings from Section [Startup] File [../../../Engine/Config/ConsoleVariables.ini]
[2021.05.28-20.20.01:419][  0]LogConfig: Setting CVar [[net.UseAdaptiveNetUpdateFrequency:0]]
[2021.05.28-20.20.01:419][  0]LogConfig: Setting CVar [[p.chaos.AllowCreatePhysxBodies:1]]
[2021.05.28-20.20.01:419][  0]LogConfig: Setting CVar [[fx.SkipVectorVMBackendOptimizations:1]]
[2021.05.28-20.20.01:419][  0]LogConfig: Applying CVar settings from Section [ConsoleVariables] File [C:/Users/nicos/OneDrive/Documents/Unreal Projects/Git_UnrealProjects/drumMachine/Saved/Config/Windows/Engine.ini]
[2021.05.28-20.20.01:419][  0]LogInit: Computer: DESKTOP-C6TJC9R
[2021.05.28-20.20.01:419][  0]LogInit: User: nicos
[2021.05.28-20.20.01:419][  0]LogInit: CPU Page size=4096, Cores=6
[2021.05.28-20.20.01:419][  0]LogInit: High frequency timer resolution =10.000000 MHz
[2021.05.28-20.20.01:419][  0]LogMemory: Memory total: Physical=15.9GB (16GB approx)
[2021.05.28-20.20.01:419][  0]LogMemory: Platform Memory Stats for Windows
[2021.05.28-20.20.01:419][  0]LogMemory: Process Physical Memory: 116.20 MB used, 116.21 MB peak
[2021.05.28-20.20.01:419][  0]LogMemory: Process Virtual Memory: 100.04 MB used, 100.04 MB peak
[2021.05.28-20.20.01:419][  0]LogMemory: Physical Memory: 10529.40 MB used,  5752.67 MB free, 16282.07 MB total
[2021.05.28-20.20.01:419][  0]LogMemory: Virtual Memory: 5174.37 MB used,  134212552.00 MB free, 134217728.00 MB total
[2021.05.28-20.20.01:423][  0]LogWindows: WindowsPlatformFeatures enabled
[2021.05.28-20.20.01:466][  0]LogInit: Physics initialised using underlying interface: PhysX
[2021.05.28-20.20.01:466][  0]LogInit: Using OS detected language (en-US).
[2021.05.28-20.20.01:466][  0]LogInit: Using OS detected locale (en-US).
[2021.05.28-20.20.01:468][  0]LogTextLocalizationManager: No specific localization for 'en-US' exists, so the 'en' localization will be used.
[2021.05.28-20.20.01:652][  0]LogSlate: New Slate User Created.  User Index 0, Is Virtual User: 0
[2021.05.28-20.20.01:652][  0]LogSlate: Slate User Registered.  User Index 0, Is Virtual User: 0
[2021.05.28-20.20.01:726][  0]LogHMD: Failed to initialize OpenVR with code 126
[2021.05.28-20.20.01:726][  0]LogD3D11RHI: D3D11 min allowed feature level: 11_0
[2021.05.28-20.20.01:726][  0]LogD3D11RHI: D3D11 max allowed feature level: 11_0
[2021.05.28-20.20.01:726][  0]LogD3D11RHI: D3D11 adapters:
[2021.05.28-20.20.01:850][  0]LogD3D11RHI:    0. 'NVIDIA GeForce RTX 2060' (Feature Level 11_0)
[2021.05.28-20.20.01:850][  0]LogD3D11RHI:       5980/0/8141 MB DedicatedVideo/DedicatedSystem/SharedSystem, Outputs:1, VendorId:0x10de
[2021.05.28-20.20.01:870][  0]LogD3D11RHI:    1. 'Intel(R) UHD Graphics 630' (Feature Level 11_0)
[2021.05.28-20.20.01:870][  0]LogD3D11RHI:       128/0/8141 MB DedicatedVideo/DedicatedSystem/SharedSystem, Outputs:0, VendorId:0x8086
[2021.05.28-20.20.01:872][  0]LogD3D11RHI:    2. 'Microsoft Basic Render Driver' (Feature Level 11_0)
[2021.05.28-20.20.01:872][  0]LogD3D11RHI:       0/0/8141 MB DedicatedVideo/DedicatedSystem/SharedSystem, Outputs:0, VendorId:0x1414
[2021.05.28-20.20.01:872][  0]LogD3D11RHI: Chosen D3D11 Adapter: 0
[2021.05.28-20.20.01:881][  0]LogD3D11RHI: Creating new Direct3DDevice
[2021.05.28-20.20.01:881][  0]LogD3D11RHI:     GPU DeviceId: 0x1f11 (for the marketing name, search the web for "GPU Device Id")
[2021.05.28-20.20.01:881][  0]LogWindows: EnumDisplayDevices:
[2021.05.28-20.20.01:881][  0]LogWindows:    0. 'Intel(R) UHD Graphics 630' (P:1 D:1)
[2021.05.28-20.20.01:882][  0]LogWindows:    1. 'Intel(R) UHD Graphics 630' (P:0 D:0)
[2021.05.28-20.20.01:882][  0]LogWindows:    2. 'Intel(R) UHD Graphics 630' (P:0 D:0)
[2021.05.28-20.20.01:882][  0]LogWindows:    3. 'NVIDIA GeForce RTX 2060' (P:0 D:0)
[2021.05.28-20.20.01:883][  0]LogWindows:    4. 'NVIDIA GeForce RTX 2060' (P:0 D:0)
[2021.05.28-20.20.01:883][  0]LogWindows:    5. 'NVIDIA GeForce RTX 2060' (P:0 D:0)
[2021.05.28-20.20.01:883][  0]LogWindows:    6. 'NVIDIA GeForce RTX 2060' (P:0 D:0)
[2021.05.28-20.20.01:883][  0]LogWindows: DebugString: PrimaryIsNotTheChoosenAdapter PrimaryIsNotTheChoosenAdapter PrimaryIsNotTheChoosenAdapter FoundDriverCount:4 
[2021.05.28-20.20.01:883][  0]LogD3D11RHI:     Adapter Name: NVIDIA GeForce RTX 2060
[2021.05.28-20.20.01:883][  0]LogD3D11RHI:   Driver Version: 461.40 (internal:27.21.14.6140, unified:461.40)
[2021.05.28-20.20.01:883][  0]LogD3D11RHI:      Driver Date: 1-22-2021
[2021.05.28-20.20.01:883][  0]LogRHI: Texture pool is 4186 MB (70% of 5980 MB)
[2021.05.28-20.20.01:972][  0]LogD3D11RHI: RHI has support for 64 bit atomics
[2021.05.28-20.20.01:972][  0]LogD3D11RHI: Async texture creation enabled
[2021.05.28-20.20.01:972][  0]LogD3D11RHI: Array index from any shader is supported
[2021.05.28-20.20.01:994][  0]LogD3D11RHI: GPU Timing Frequency: 1000.000000 (Debug: 2 2)
[2021.05.28-20.20.02:351][  0]LogTargetPlatformManager: Display: Loaded TargetPlatform 'WindowsNoEditor'
[2021.05.28-20.20.02:355][  0]LogTargetPlatformManager: Display: Loaded TargetPlatform 'Windows'
[2021.05.28-20.20.02:364][  0]LogTargetPlatformManager: Display: Loaded TargetPlatform 'WindowsClient'
[2021.05.28-20.20.02:374][  0]LogTargetPlatformManager: Display: Loaded TargetPlatform 'WindowsServer'
[2021.05.28-20.20.02:374][  0]LogTargetPlatformManager: Display: Building Assets For Windows
[2021.05.28-20.20.02:380][  0]LogAudioDebug: Display: Lib vorbis DLL was dynamically loaded.
[2021.05.28-20.20.02:432][  0]LogShaderCompilers: Guid format shader working directory is -50 characters bigger than the processId version (../../../../../../Users/nicos/OneDrive/Documents/Unreal Projects/Git_UnrealProjects/drumMachine/Intermediate/Shaders/WorkingDirectory/22836/).
[2021.05.28-20.20.02:432][  0]LogShaderCompilers: Cleaned the shader compiler working directory 'C:/Users/nicos/AppData/Local/Temp/UnrealShaderWorkingDir/D78D92E94798F422360A6689C432787F/'.
[2021.05.28-20.20.02:432][  0]LogXGEController: Cannot use XGE Controller as Incredibuild is not installed on this machine.
[2021.05.28-20.20.02:432][  0]LogShaderCompilers: Cannot use XGE Shader Compiler as Incredibuild is not installed on this machine.
[2021.05.28-20.20.02:432][  0]LogShaderCompilers: Display: Using Local Shader Compiler.
[2021.05.28-20.20.03:111][  0]LogDerivedDataCache: Display: Max Cache Size: 512 MB
[2021.05.28-20.20.03:160][  0]LogDerivedDataCache: Loaded boot cache 0.05s 75MB C:/Users/nicos/AppData/Local/UnrealEngine/4.25/DerivedDataCache/Boot.ddc.
[2021.05.28-20.20.03:160][  0]LogDerivedDataCache: Display: Loaded Boot cache: C:/Users/nicos/AppData/Local/UnrealEngine/4.25/DerivedDataCache/Boot.ddc
[2021.05.28-20.20.03:160][  0]LogDerivedDataCache: FDerivedDataBackendGraph:  Pak pak cache file ../../../../../../Users/nicos/OneDrive/Documents/Unreal Projects/Git_UnrealProjects/drumMachine/DerivedDataCache/DDC.ddp not found, will not use a pak cache.
[2021.05.28-20.20.03:160][  0]LogDerivedDataCache: Unable to find inner node Pak for hierarchical cache Hierarchy.
[2021.05.28-20.20.03:160][  0]LogDerivedDataCache: FDerivedDataBackendGraph:  CompressedPak pak cache file ../../../../../../Users/nicos/OneDrive/Documents/Unreal Projects/Git_UnrealProjects/drumMachine/DerivedDataCache/Compressed.ddp not found, will not use a pak cache.
[2021.05.28-20.20.03:160][  0]LogDerivedDataCache: Unable to find inner node CompressedPak for hierarchical cache Hierarchy.
[2021.05.28-20.20.03:169][  0]LogDerivedDataCache: Display: Pak cache opened for reading ../../../Engine/DerivedDataCache/Compressed.ddp.
[2021.05.28-20.20.03:169][  0]LogDerivedDataCache: FDerivedDataBackendGraph:  EnterprisePak pak cache file ../../../Enterprise/DerivedDataCache/Compressed.ddp not found, will not use a pak cache.
[2021.05.28-20.20.03:169][  0]LogDerivedDataCache: Unable to find inner node EnterprisePak for hierarchical cache Hierarchy.
[2021.05.28-20.20.03:170][  0]LogDerivedDataCache: Using Local data cache path C:/Users/nicos/AppData/Local/UnrealEngine/Common/DerivedDataCache: Writable
[2021.05.28-20.20.03:170][  0]LogDerivedDataCache: Shared data cache path not found in *engine.ini, will not use an Shared cache.
[2021.05.28-20.20.03:170][  0]LogDerivedDataCache: Unable to find inner node Shared for hierarchical cache Hierarchy.
[2021.05.28-20.20.03:181][  0]LogSlate: Using FreeType 2.10.0
[2021.05.28-20.20.03:181][  0]LogSlate: SlateFontServices - WITH_FREETYPE: 1, WITH_HARFBUZZ: 1
[2021.05.28-20.20.03:268][  0]LogInit: Using OS detected language (en-US).
[2021.05.28-20.20.03:268][  0]LogInit: Using OS detected locale (en-US).
[2021.05.28-20.20.03:268][  0]LogTextLocalizationManager: No localization for 'en-US' exists, so 'en' will be used for the language.
[2021.05.28-20.20.03:268][  0]LogTextLocalizationManager: No localization for 'en-US' exists, so 'en' will be used for the locale.
[2021.05.28-20.20.03:268][  0]LogSlate: FontCache flush requested. Reason: Culture for localization was changed
[2021.05.28-20.20.03:268][  0]LogSlate: FontCache flush requested. Reason: Culture for localization was changed
[2021.05.28-20.20.03:270][  0]LogTextLocalizationManager: Compacting localization data took   0.00ms
[2021.05.28-20.20.03:273][  0]LogAssetRegistry: FAssetRegistry took 0.0022 seconds to start up
[2021.05.28-20.20.03:463][  0]LogPackageLocalizationCache: Processed 23 localized package path(s) for 1 prioritized culture(s) in 0.001185 seconds
[2021.05.28-20.20.03:508][  0]LogInit: Selected Device Profile: [Windows]
[2021.05.28-20.20.03:551][  0]LogMaterial: Display: Missing cached shader map for material WorldGridMaterial, compiling. Is special engine material.
[2021.05.28-20.20.04:436][  0]LogShaderCompilers: Display: Worker (1/9): shaders left to compile 937
[2021.05.28-20.20.04:436][  0]LogShaderCompilers: Display: Worker (2/9): shaders left to compile 936
[2021.05.28-20.20.04:436][  0]LogShaderCompilers: Display: Worker (3/9): shaders left to compile 935
[2021.05.28-20.20.04:436][  0]LogShaderCompilers: Display: Worker (4/9): shaders left to compile 934
[2021.05.28-20.20.04:436][  0]LogShaderCompilers: Display: Worker (5/9): shaders left to compile 933
[2021.05.28-20.20.04:436][  0]LogShaderCompilers: Display: Worker (6/9): shaders left to compile 932
[2021.05.28-20.20.04:436][  0]LogShaderCompilers: Display: Worker (7/9): shaders left to compile 931
[2021.05.28-20.20.04:436][  0]LogShaderCompilers: Display: Worker (8/9): shaders left to compile 930
[2021.05.28-20.20.04:436][  0]LogShaderCompilers: Display: Worker (9/9): shaders left to compile 929
[2021.05.28-20.20.04:436][  0]LogShaderCompilers: Display: Worker (9/9): shaders left to compile 928
[2021.05.28-20.20.04:436][  0]LogShaderCompilers: Display: Worker (7/9): shaders left to compile 927
[2021.05.28-20.20.05:035][  0]LogShaderCompilers: Display: Worker (5/9): shaders left to compile 926
[2021.05.28-20.20.05:035][  0]LogShaderCompilers: Display: Worker (6/9): shaders left to compile 925
[2021.05.28-20.20.05:035][  0]LogShaderCompilers: Display: Worker (8/9): shaders left to compile 924
[2021.05.28-20.20.05:035][  0]LogShaderCompilers: Display: Worker (4/9): shaders left to compile 923
[2021.05.28-20.20.05:035][  0]LogShaderCompilers: Display: Worker (2/9): shaders left to compile 922
[2021.05.28-20.20.05:606][  0]LogShaderCompilers: Display: Worker (1/9): shaders left to compile 921
[2021.05.28-20.20.05:606][  0]LogShaderCompilers: Display: Worker (3/9): shaders left to compile 920
[2021.05.28-20.20.05:606][  0]LogShaderCompilers: Display: Worker (7/9): shaders left to compile 919
[2021.05.28-20.20.05:606][  0]LogShaderCompilers: Display: Worker (9/9): shaders left to compile 918
[2021.05.28-20.20.05:606][  0]LogShaderCompilers: Display: Worker (5/9): shaders left to compile 917
[2021.05.28-20.20.06:165][  0]LogShaderCompilers: Display: Worker (9/9): shaders left to compile 916
[2021.05.28-20.20.06:165][  0]LogShaderCompilers: Display: Worker (8/9): shaders left to compile 915
[2021.05.28-20.20.06:165][  0]LogShaderCompilers: Display: Worker (6/9): shaders left to compile 914
[2021.05.28-20.20.06:165][  0]LogShaderCompilers: Display: Worker (4/9): shaders left to compile 913
[2021.05.28-20.20.06:165][  0]LogShaderCompilers: Display: Worker (2/9): shaders left to compile 912
[2021.05.28-20.20.06:165][  0]LogShaderCompilers: Display: Worker (1/9): shaders left to compile 911
[2021.05.28-20.20.06:165][  0]LogShaderCompilers: Display: Worker (3/9): shaders left to compile 910
[2021.05.28-20.20.06:165][  0]LogShaderCompilers: Display: Worker (7/9): shaders left to compile 909
[2021.05.28-20.20.06:725][  0]LogShaderCompilers: Display: Worker (6/9): shaders left to compile 908
[2021.05.28-20.20.06:725][  0]LogShaderCompilers: Display: Worker (4/9): shaders left to compile 907
[2021.05.28-20.20.06:725][  0]LogShaderCompilers: Display: Worker (5/9): shaders left to compile 906
[2021.05.28-20.20.06:725][  0]LogShaderCompilers: Display: Worker (2/9): shaders left to compile 905
[2021.05.28-20.20.06:725][  0]LogShaderCompilers: Display: Worker (9/9): shaders left to compile 904
[2021.05.28-20.20.06:725][  0]LogShaderCompilers: Display: Worker (8/9): shaders left to compile 903
[2021.05.28-20.20.06:725][  0]LogShaderCompilers: Display: Worker (2/9): shaders left to compile 902
[2021.05.28-20.20.06:725][  0]LogShaderCompilers: Display: Worker (1/9): shaders left to compile 901
[2021.05.28-20.20.06:725][  0]LogShaderCompilers: Display: Worker (7/9): shaders left to compile 900
[2021.05.28-20.20.06:725][  0]LogShaderCompilers: Display: Worker (4/9): shaders left to compile 899
[2021.05.28-20.20.07:285][  0]LogShaderCompilers: Display: Worker (3/9): shaders left to compile 898
[2021.05.28-20.20.07:285][  0]LogShaderCompilers: Display: Worker (5/9): shaders left to compile 897
[2021.05.28-20.20.07:285][  0]LogShaderCompilers: Display: Worker (8/9): shaders left to compile 896
[2021.05.28-20.20.07:285][  0]LogShaderCompilers: Display: Worker (6/9): shaders left to compile 895
[2021.05.28-20.20.07:285][  0]LogShaderCompilers: Display: Worker (2/9): shaders left to compile 894
[2021.05.28-20.20.07:285][  0]LogShaderCompilers: Display: Worker (9/9): shaders left to compile 893
[2021.05.28-20.20.07:285][  0]LogShaderCompilers: Display: Worker (1/9): shaders left to compile 892
[2021.05.28-20.20.07:841][  0]LogShaderCompilers: Display: Worker (4/9): shaders left to compile 891
[2021.05.28-20.20.07:841][  0]LogShaderCompilers: Display: Worker (7/9): shaders left to compile 890
[2021.05.28-20.20.07:841][  0]LogShaderCompilers: Display: Worker (2/9): shaders left to compile 889
[2021.05.28-20.20.07:841][  0]LogShaderCompilers: Display: Worker (1/9): shaders left to compile 888
[2021.05.28-20.20.07:841][  0]LogShaderCompilers: Display: Worker (8/9): shaders left to compile 887
[2021.05.28-20.20.07:841][  0]LogShaderCompilers: Display: Worker (6/9): shaders left to compile 886
[2021.05.28-20.20.07:841][  0]LogShaderCompilers: Display: Worker (3/9): shaders left to compile 885
[2021.05.28-20.20.07:841][  0]LogShaderCompilers: Display: Worker (9/9): shaders left to compile 884
[2021.05.28-20.20.07:841][  0]LogShaderCompilers: Display: Worker (5/9): shaders left to compile 883
[2021.05.28-20.20.08:400][  0]LogShaderCompilers: Display: Worker (7/9): shaders left to compile 882
[2021.05.28-20.20.08:400][  0]LogShaderCompilers: Display: Worker (2/9): shaders left to compile 881
[2021.05.28-20.20.08:400][  0]LogShaderCompilers: Display: Worker (4/9): shaders left to compile 880
[2021.05.28-20.20.08:400][  0]LogShaderCompilers: Display: Worker (6/9): shaders left to compile 879
[2021.05.28-20.20.08:400][  0]LogShaderCompilers: Display: Worker (2/9): shaders left to compile 878
[2021.05.28-20.20.08:400][  0]LogShaderCompilers: Display: Worker (1/9): shaders left to compile 877
[2021.05.28-20.20.08:400][  0]LogShaderCompilers: Display: Worker (8/9): shaders left to compile 876
[2021.05.28-20.20.08:959][  0]LogShaderCompilers: Display: Worker (3/9): shaders left to compile 875
[2021.05.28-20.20.08:959][  0]LogShaderCompilers: Display: Worker (5/9): shaders left to compile 874
[2021.05.28-20.20.08:959][  0]LogShaderCompilers: Display: Worker (9/9): shaders left to compile 873
[2021.05.28-20.20.08:959][  0]LogShaderCompilers: Display: Worker (7/9): shaders left to compile 872
[2021.05.28-20.20.08:959][  0]LogShaderCompilers: Display: Worker (1/9): shaders left to compile 871
[2021.05.28-20.20.09:517][  0]LogShaderCompilers: Display: Worker (4/9): shaders left to compile 870
[2021.05.28-20.20.09:517][  0]LogShaderCompilers: Display: Worker (8/9): shaders left to compile 869
[2021.05.28-20.20.09:517][  0]LogShaderCompilers: Display: Worker (3/9): shaders left to compile 868
[2021.05.28-20.20.09:517][  0]LogShaderCompilers: Display: Worker (6/9): shaders left to compile 867
[2021.05.28-20.20.09:517][  0]LogShaderCompilers: Display: Worker (2/9): shaders left to compile 866
[2021.05.28-20.20.09:517][  0]LogShaderCompilers: Display: Worker (3/9): shaders left to compile 865
[2021.05.28-20.20.09:517][  0]LogShaderCompilers: Display: Worker (5/9): shaders left to compile 864
[2021.05.28-20.20.09:517][  0]LogShaderCompilers: Display: Worker (7/9): shaders left to compile 863
[2021.05.28-20.20.09:517][  0]LogShaderCompilers: Display: Worker (4/9): shaders left to compile 862
[2021.05.28-20.20.09:517][  0]LogShaderCompilers: Display: Worker (9/9): shaders left to compile 861
[2021.05.28-20.20.10:072][  0]LogShaderCompilers: Display: Worker (8/9): shaders left to compile 860
[2021.05.28-20.20.10:072][  0]LogShaderCompilers: Display: Worker (6/9): shaders left to compile 859
[2021.05.28-20.20.10:072][  0]LogShaderCompilers: Display: Worker (2/9): shaders left to compile 858
[2021.05.28-20.20.10:072][  0]LogShaderCompilers: Display: Worker (3/9): shaders left to compile 857
[2021.05.28-20.20.10:072][  0]LogShaderCompilers: Display: Worker (1/9): shaders left to compile 856
[2021.05.28-20.20.10:072][  0]LogShaderCompilers: Display: Worker (5/9): shaders left to compile 855
[2021.05.28-20.20.10:625][  0]LogShaderCompilers: Display: Worker (7/9): shaders left to compile 854
[2021.05.28-20.20.10:625][  0]LogShaderCompilers: Display: Worker (9/9): shaders left to compile 853
[2021.05.28-20.20.10:625][  0]LogShaderCompilers: Display: Worker (4/9): shaders left to compile 852
[2021.05.28-20.20.10:625][  0]LogShaderCompilers: Display: Worker (5/9): shaders left to compile 851
[2021.05.28-20.20.10:625][  0]LogShaderCompilers: Display: Worker (4/9): shaders left to compile 850
[2021.05.28-20.20.11:179][  0]LogShaderCompilers: Display: Worker (8/9): shaders left to compile 849
[2021.05.28-20.20.11:179][  0]LogShaderCompilers: Display: Worker (9/9): shaders left to compile 848
[2021.05.28-20.20.11:179][  0]LogShaderCompilers: Display: Worker (2/9): shaders left to compile 847
[2021.05.28-20.20.11:179][  0]LogShaderCompilers: Display: Worker (6/9): shaders left to compile 846
[2021.05.28-20.20.11:179][  0]LogShaderCompilers: Display: Worker (4/9): shaders left to compile 845
[2021.05.28-20.20.11:179][  0]LogShaderCompilers: Display: Worker (3/9): shaders left to compile 844
[2021.05.28-20.20.11:179][  0]LogShaderCompilers: Display: Worker (7/9): shaders left to compile 843
[2021.05.28-20.20.11:179][  0]LogShaderCompilers: Display: Worker (1/9): shaders left to compile 842
[2021.05.28-20.20.11:179][  0]LogShaderCompilers: Display: Worker (5/9): shaders left to compile 841
[2021.05.28-20.20.11:179][  0]LogShaderCompilers: Display: Worker (9/9): shaders left to compile 840
[2021.05.28-20.20.11:735][  0]LogShaderCompilers: Display: Worker (6/9): shaders left to compile 839
[2021.05.28-20.20.11:735][  0]LogShaderCompilers: Display: Worker (8/9): shaders left to compile 838
[2021.05.28-20.20.11:735][  0]LogShaderCompilers: Display: Worker (4/9): shaders left to compile 837
[2021.05.28-20.20.11:735][  0]LogShaderCompilers: Display: Worker (2/9): shaders left to compile 836
[2021.05.28-20.20.11:735][  0]LogShaderCompilers: Display: Worker (3/9): shaders left to compile 835
[2021.05.28-20.20.11:735][  0]LogShaderCompilers: Display: Worker (7/9): shaders left to compile 834
[2021.05.28-20.20.11:735][  0]LogShaderCompilers: Display: Worker (9/9): shaders left to compile 833
